
SQL*Plus: Release 11.2.0.1.0 Production on Thu Jun 27 17:50:55 2019

Copyright (c) 1982, 2009, Oracle.  All rights reserved.


Connected to:
Oracle Database 11g Enterprise Edition Release 11.2.0.1.0 - 64bit Production
With the Partitioning, OLAP, Data Mining and Real Application Testing options

SQL> 
SQL> --
SQL> -- CAREENGINERUNMEMBERACTION  (Table)
SQL> --
SQL> CREATE TABLE CSID.CAREENGINERUNMEMBERACTION
  2  (
  3    CAREENGINERUNMEMBERACTIONID	  NUMBER	     NOT NULL,
  4    PRODUCTMNEMONICCD	       VARCHAR2(50 BYTE)     NULL,
  5    MEMBERRECOMMENDRUNID	       NUMBER		 NULL,
  6    OVERALLSCORENBR		       NUMBER		 NULL,
  7    INSERTUPDATECD		       VARCHAR2(12 BYTE)     NULL,
  8    RECOMMENDFLG		       CHAR(1 BYTE)	 NULL,
  9    INSERTEDBY		       VARCHAR2(30 BYTE) DEFAULT USER NOT NULL,
 10    RECORDINSERTDT		       TIMESTAMP(6)  DEFAULT SYSTIMESTAMP	   NOT NULL,
 11    RECORDUPDTDT		       TIMESTAMP(6)  DEFAULT SYSTIMESTAMP	   NOT NULL,
 12    UPDTDBY			       VARCHAR2(30 BYTE) DEFAULT USER NOT NULL,
 13    CAREENGINERUNTRACKINGIDTYPECD   VARCHAR2(12 BYTE)	NULL,
 14    CAREENGINERUNACTIONTRACKINGID   NUMBER		 NULL,
 15    PROGRAMREFERRALINTENSITYCD	  VARCHAR2(12 BYTE)	NULL,
 16    SUBPRODUCTMNEMONICCD	       VARCHAR2(50 BYTE)     NULL,
 17    VBFINSTRUCTIONCD 	       VARCHAR2(4 BYTE)     NULL,
 18    PARTITIONID		       NUMBER(38)	 NULL,
 19    PROGRAMIDENTIFICATIONEPISODEID  NUMBER		 NULL,
 20    IMPACTABLESCORENBR	       NUMBER		 NULL,
 21    MASTERSUPPLIERID 	       NUMBER	     NOT NULL,
 22    YEARQTR			       NUMBER	     NOT NULL
 23  )
 24  /

Table created.

SQL> 
SQL> 
SQL> --
SQL> -- MEMBERHEALTHSTATE  (Table)
SQL> --
SQL> CREATE TABLE CSID.MEMBERHEALTHSTATE
  2  (
  3    MEMBERHEALTHSTATESKEY	     NUMBER	     NOT NULL,
  4    EPISODEID		     NUMBER	     NOT NULL,
  5    VERSIONNBR		     NUMBER	     NOT NULL,
  6    STATETYPECD		     VARCHAR2(4 BYTE) NOT NULL,
  7    STATECOMPONENTID 	     NUMBER		 NULL,
  8    MEMBERID 		     NUMBER	     NOT NULL,
  9    HEALTHSTATESTATUSCD	     VARCHAR2(12 BYTE)	   NULL,
 10    HEALTHSTATESTATUSCHANGERSNCD	VARCHAR2(12 BYTE)	   NULL,
 11    HEALTHSTATESTATUSCHANGEDT	DATE		 NULL,
 12    HEALTHSTATECHANGEDT	     DATE	     NOT NULL,
 13    SEVERITYLEVEL		     VARCHAR2(12 BYTE)	   NULL,
 14    COMPLETIONFLG		     CHAR(1 BYTE)    NOT NULL,
 15    CLINICALREVIEWSTATUSCD	     VARCHAR2(12 BYTE)	   NULL,
 16    CLINICALREVIEWSTATUSDT	     DATE		 NULL,
 17    LASTEVALUATIONDT 	     DATE		 NULL,
 18    VOIDFLG			     VARCHAR2(2 BYTE)	  NULL,
 19    INSERTEDBY		     VARCHAR2(30 BYTE) DEFAULT USER NOT NULL,
 20    INSERTEDDT		     TIMESTAMP(6)    DEFAULT SYSTIMESTAMP	   NOT NULL,
 21    UPDATEDBY		     VARCHAR2(30 BYTE) DEFAULT USER NOT NULL,
 22    UPDATEDDT		     TIMESTAMP(6)    DEFAULT SYSTIMESTAMP	   NOT NULL,
 23    SEVERITYSCORE		     NUMBER		 NULL,
 24    MASTERSUPPLIERID 	     NUMBER	     NOT NULL,
 25    YEARQTR			     NUMBER	     NOT NULL,
 26    PDCSCOREPERC		     NUMBER		 NULL
 27  )
 28  /

Table created.

SQL> 
SQL> 
SQL> --
SQL> -- MEMBERHEALTHSTATEFEEDBACKXREF  (Table)
SQL> --
SQL> CREATE TABLE CSID.MEMBERHEALTHSTATEFEEDBACKXREF
  2  (
  3    MEMBERHEALTHSTATEFEEDBACKSKEY  NUMBER	     NOT NULL,
  4    CLINICALOUTPUTTYPECD	      VARCHAR2(4 BYTE) NOT NULL,
  5    CLINICALOUTPUTTRACKINGID	 NUMBER	     NOT NULL,
  6    INSERTEDBY		      VARCHAR2(30 BYTE) DEFAULT USER NOT NULL,
  7    INSERTEDDT		      TIMESTAMP(6)   DEFAULT systimestamp	   NOT NULL,
  8    UPDATEDBY		      VARCHAR2(30 BYTE) DEFAULT USER NOT NULL,
  9    UPDATEDDT		      TIMESTAMP(6)   DEFAULT systimestamp	   NOT NULL,
 10    MEMBERHEALTHSTATESKEY	      NUMBER		 NULL
 11  )
 12  /

Table created.

SQL> 
SQL> 
SQL> --
SQL> -- MEMBERRECOMMENDPRODUCTLASTRUN  (Table)
SQL> --
SQL> CREATE TABLE CSID.MEMBERRECOMMENDPRODUCTLASTRUN
  2  (
  3    MEMBERID 		    NUMBER	     NOT NULL,
  4    BUSINESSSUPPLIERID	    NUMBER	     NOT NULL,
  5    PRODUCTMNEMONICCD	    VARCHAR2(50 BYTE) NOT NULL,
  6    CAREENGINERUNMEMBERACTIONID  NUMBER		 NULL,
  7    RUNDT			    TIMESTAMP(6)     NOT NULL,
  8    INSERTEDDT		    TIMESTAMP(6)     DEFAULT SYSTIMESTAMP	   NOT NULL,
  9    INSERTEDBY		    VARCHAR2(30 BYTE) DEFAULT USER NOT NULL,
 10    UPDATEDDT		    TIMESTAMP(6)     DEFAULT SYSTIMESTAMP	   NOT NULL,
 11    UPDATEDBY		    VARCHAR2(30 BYTE) DEFAULT USER NOT NULL,
 12    EXECUTIONMODECD		    VARCHAR2(10 BYTE)	  NULL,
 13    MASTERSUPPLIERID 	    NUMBER	     NOT NULL,
 14    YEARQTR			    NUMBER	     NOT NULL,
 15    PERSONMASTERSUPPLIERID	    NUMBER		 NULL
 16  )
 17  /

Table created.

SQL> 
SQL> 
SQL> --
SQL> -- MBRRECPRODLASTRUN_FK_CAREEGACT	(Index)
SQL> --
SQL> --  Dependencies:
SQL> --   MEMBERRECOMMENDPRODUCTLASTRUN (Table)
SQL> --
SQL> CREATE INDEX CSID.MBRRECPRODLASTRUN_FK_CAREEGACT ON CSID.MEMBERRECOMMENDPRODUCTLASTRUN
  2  (CAREENGINERUNMEMBERACTIONID)
  3  /

Index created.

SQL> 
SQL> --
SQL> -- MBRRECPRODLASTRUN_FK_OPRPROD  (Index)
SQL> --
SQL> --  Dependencies:
SQL> --   MEMBERRECOMMENDPRODUCTLASTRUN (Table)
SQL> --
SQL> CREATE INDEX CSID.MBRRECPRODLASTRUN_FK_OPRPROD ON CSID.MEMBERRECOMMENDPRODUCTLASTRUN
  2  (PRODUCTMNEMONICCD)
  3  /

Index created.

SQL> 
SQL> --
SQL> -- X1FK1CAREENGINERUNMEMBERACTION	(Index)
SQL> --
SQL> --  Dependencies:
SQL> --   CAREENGINERUNMEMBERACTION (Table)
SQL> --
SQL> CREATE INDEX CSID.X1FK1CAREENGINERUNMEMBERACTION ON CSID.CAREENGINERUNMEMBERACTION
  2  (MEMBERRECOMMENDRUNID)
  3  /

Index created.

SQL> 
SQL> --
SQL> -- X1I1CAREENGINERUNMEMBERACTION  (Index)
SQL> --
SQL> --  Dependencies:
SQL> --   CAREENGINERUNMEMBERACTION (Table)
SQL> --
SQL> CREATE INDEX CSID.X1I1CAREENGINERUNMEMBERACTION ON CSID.CAREENGINERUNMEMBERACTION
  2  (MEMBERRECOMMENDRUNID, PRODUCTMNEMONICCD)
  3  /

Index created.

SQL> 
SQL> --
SQL> -- XIE1MEMBERHEALTHSTATE  (Index)
SQL> --
SQL> --  Dependencies:
SQL> --   MEMBERHEALTHSTATE (Table)
SQL> --
SQL> CREATE INDEX CSID.XIE1MEMBERHEALTHSTATE ON CSID.MEMBERHEALTHSTATE
  2  (MEMBERID, STATECOMPONENTID, STATETYPECD)
  3  /

Index created.

SQL> 
SQL> --
SQL> -- XIE1MEMBERHEALTHSTATEFEEDBACKX	(Index)
SQL> --
SQL> --  Dependencies:
SQL> --   MEMBERHEALTHSTATEFEEDBACKXREF (Table)
SQL> --
SQL> CREATE INDEX CSID.XIE1MEMBERHEALTHSTATEFEEDBACKX ON CSID.MEMBERHEALTHSTATEFEEDBACKXREF
  2  (CLINICALOUTPUTTRACKINGID, CLINICALOUTPUTTYPECD)
  3  /

Index created.

SQL> 
SQL> --
SQL> -- XIE2MBRRECOMPRODLAST  (Index)
SQL> --
SQL> --  Dependencies:
SQL> --   MEMBERRECOMMENDPRODUCTLASTRUN (Table)
SQL> --
SQL> CREATE INDEX CSID.XIE2MBRRECOMPRODLAST ON CSID.MEMBERRECOMMENDPRODUCTLASTRUN
  2  (YEARQTR)
  3  /

Index created.

SQL> 
SQL> --
SQL> -- XIE2MEMBERHEALTHSTATE  (Index)
SQL> --
SQL> --  Dependencies:
SQL> --   MEMBERHEALTHSTATE (Table)
SQL> --
SQL> CREATE INDEX CSID.XIE2MEMBERHEALTHSTATE ON CSID.MEMBERHEALTHSTATE
  2  (HEALTHSTATECHANGEDT)
  3  /

Index created.

SQL> 
SQL> --
SQL> -- XIE3MEMBERHEALTHSTATE  (Index)
SQL> --
SQL> --  Dependencies:
SQL> --   MEMBERHEALTHSTATE (Table)
SQL> --
SQL> CREATE INDEX CSID.XIE3MEMBERHEALTHSTATE ON CSID.MEMBERHEALTHSTATE
  2  (CLINICALREVIEWSTATUSDT, CLINICALREVIEWSTATUSCD)
  3  /

Index created.

SQL> 
SQL> --
SQL> -- XIE4MEMBERHEALTHSTATE  (Index)
SQL> --
SQL> --  Dependencies:
SQL> --   MEMBERHEALTHSTATE (Table)
SQL> --
SQL> CREATE INDEX CSID.XIE4MEMBERHEALTHSTATE ON CSID.MEMBERHEALTHSTATE
  2  (LASTEVALUATIONDT, CLINICALREVIEWSTATUSCD)
  3  /

Index created.

SQL> 
SQL> --
SQL> -- XIE5MEMBERHEALTHSTATE  (Index)
SQL> --
SQL> --  Dependencies:
SQL> --   MEMBERHEALTHSTATE (Table)
SQL> --
SQL> CREATE INDEX CSID.XIE5MEMBERHEALTHSTATE ON CSID.MEMBERHEALTHSTATE
  2  (YEARQTR)
  3  /

Index created.

SQL> 
SQL> --
SQL> -- XIE6MEMBERHEALTHSTATE  (Index)
SQL> --
SQL> --  Dependencies:
SQL> --   MEMBERHEALTHSTATE (Table)
SQL> --
SQL> CREATE INDEX CSID.XIE6MEMBERHEALTHSTATE ON CSID.MEMBERHEALTHSTATE
  2  (MASTERSUPPLIERID, MEMBERID)
  3  /

Index created.

SQL> 
SQL> --
SQL> -- XPKCERMA  (Index)
SQL> --
SQL> --  Dependencies:
SQL> --   CAREENGINERUNMEMBERACTION (Table)
SQL> --
SQL> CREATE UNIQUE INDEX CSID.XPKCERMA ON CSID.CAREENGINERUNMEMBERACTION
  2  (CAREENGINERUNMEMBERACTIONID, MASTERSUPPLIERID, YEARQTR)
  3  /

Index created.

SQL> 
SQL> --
SQL> -- XPKMEMBERHEALTHSTATE  (Index)
SQL> --
SQL> --  Dependencies:
SQL> --   MEMBERHEALTHSTATE (Table)
SQL> --
SQL> CREATE UNIQUE INDEX CSID.XPKMEMBERHEALTHSTATE ON CSID.MEMBERHEALTHSTATE
  2  (MEMBERHEALTHSTATESKEY, MASTERSUPPLIERID)
  3  /

Index created.

SQL> 
SQL> --
SQL> -- XPKMEMBERRECOMMENDPRODLASTRUN  (Index)
SQL> --
SQL> --  Dependencies:
SQL> --   MEMBERRECOMMENDPRODUCTLASTRUN (Table)
SQL> --
SQL> CREATE UNIQUE INDEX CSID.XPKMEMBERRECOMMENDPRODLASTRUN ON CSID.MEMBERRECOMMENDPRODUCTLASTRUN
  2  (MEMBERID, BUSINESSSUPPLIERID, PRODUCTMNEMONICCD, MASTERSUPPLIERID)
  3  /

Index created.

SQL> 
SQL> --
SQL> -- XPKMEMHEALTHSTATEFEEDBACKXREF  (Index)
SQL> --
SQL> --  Dependencies:
SQL> --   MEMBERHEALTHSTATEFEEDBACKXREF (Table)
SQL> --
SQL> CREATE UNIQUE INDEX CSID.XPKMEMHEALTHSTATEFEEDBACKXREF ON CSID.MEMBERHEALTHSTATEFEEDBACKXREF
  2  (MEMBERHEALTHSTATEFEEDBACKSKEY, CLINICALOUTPUTTYPECD, CLINICALOUTPUTTRACKINGID)
  3  /

Index created.

SQL> 
SQL> --
SQL> -- Non Foreign Key Constraints for Table CAREENGINERUNMEMBERACTION
SQL> --
SQL> ALTER TABLE CSID.CAREENGINERUNMEMBERACTION ADD (
  2    CONSTRAINT CEMEMBERACTIONVBFINSTRUCTIONCD
  3    CHECK (VBFInstructionCd IN ('INCV', 'DISC', 'NONE'))
  4    ENABLE VALIDATE)
  5  /

Table altered.

SQL> 
SQL> ALTER TABLE CSID.CAREENGINERUNMEMBERACTION ADD (
  2    CONSTRAINT XPKCERMA
  3    PRIMARY KEY
  4    (CAREENGINERUNMEMBERACTIONID, MASTERSUPPLIERID, YEARQTR)
  5    USING INDEX CSID.XPKCERMA
  6    ENABLE VALIDATE)
  7  /

Table altered.

SQL> 
SQL> 
SQL> --
SQL> -- Non Foreign Key Constraints for Table MEMBERHEALTHSTATE
SQL> --
SQL> ALTER TABLE CSID.MEMBERHEALTHSTATE ADD (
  2    CONSTRAINT MEMBERHEALTHSTATE_C01
  3    CHECK (STATETYPECD IN ('MK', 'ME'))
  4    ENABLE VALIDATE)
  5  /

Table altered.

SQL> 
SQL> ALTER TABLE CSID.MEMBERHEALTHSTATE ADD (
  2    CONSTRAINT MEMBERHEALTHSTATE_C02
  3    CHECK (COMPLETIONFLG IN ('Y', 'N'))
  4    ENABLE VALIDATE)
  5  /

Table altered.

SQL> 
SQL> ALTER TABLE CSID.MEMBERHEALTHSTATE ADD (
  2    CONSTRAINT XPKMEMBERHEALTHSTATE
  3    PRIMARY KEY
  4    (MEMBERHEALTHSTATESKEY, MASTERSUPPLIERID)
  5    USING INDEX CSID.XPKMEMBERHEALTHSTATE
  6    ENABLE VALIDATE)
  7  /

Table altered.

SQL> 
SQL> 
SQL> --
SQL> -- Non Foreign Key Constraints for Table MEMBERHEALTHSTATEFEEDBACKXREF
SQL> --
SQL> ALTER TABLE CSID.MEMBERHEALTHSTATEFEEDBACKXREF ADD (
  2    CONSTRAINT MEMHEALTHSTATEFEEDBACKXREF_C01
  3    CHECK (Clinicaloutputtypecd IN ('MRS', 'MHS', 'COM'))
  4    ENABLE VALIDATE)
  5  /

Table altered.

SQL> 
SQL> ALTER TABLE CSID.MEMBERHEALTHSTATEFEEDBACKXREF ADD (
  2    PRIMARY KEY
  3    (MEMBERHEALTHSTATEFEEDBACKSKEY, CLINICALOUTPUTTYPECD, CLINICALOUTPUTTRACKINGID)
  4    USING INDEX CSID.XPKMEMHEALTHSTATEFEEDBACKXREF
  5    ENABLE VALIDATE)
  6  /

Table altered.

SQL> 
SQL> 
SQL> --
SQL> -- Non Foreign Key Constraints for Table MEMBERRECOMMENDPRODUCTLASTRUN
SQL> --
SQL> ALTER TABLE CSID.MEMBERRECOMMENDPRODUCTLASTRUN ADD (
  2    CONSTRAINT XPKMEMBERRECOMMENDPRODLASTRUN
  3    PRIMARY KEY
  4    (MEMBERID, BUSINESSSUPPLIERID, PRODUCTMNEMONICCD, MASTERSUPPLIERID)
  5    USING INDEX CSID.XPKMEMBERRECOMMENDPRODLASTRUN
  6    ENABLE VALIDATE)
  7  /

Table altered.

SQL> 
SQL> EXIT;
Disconnected from Oracle Database 11g Enterprise Edition Release 11.2.0.1.0 - 64bit Production
With the Partitioning, OLAP, Data Mining and Real Application Testing options
