
SQL*Plus: Release 11.2.0.1.0 Production on Thu Jun 27 17:50:56 2019

Copyright (c) 1982, 2009, Oracle.  All rights reserved.


Connected to:
Oracle Database 11g Enterprise Edition Release 11.2.0.1.0 - 64bit Production
With the Partitioning, OLAP, Data Mining and Real Application Testing options

SQL> 
SQL> GRANT SELECT ON MEMBERHEALTHSTATEFEEDBACKXREF TO INCV;

Grant succeeded.

SQL> GRANT DELETE ON MEMBERHEALTHSTATEFEEDBACKXREF TO INCV;

Grant succeeded.

SQL> GRANT INSERT ON MEMBERHEALTHSTATEFEEDBACKXREF TO INCV;

Grant succeeded.

SQL> GRANT UPDATE ON MEMBERHEALTHSTATEFEEDBACKXREF TO INCV;

Grant succeeded.

SQL> GRANT SELECT ON CAREENGINERUNMEMBERACTION TO INCV WITH GRANT OPTION;

Grant succeeded.

SQL> GRANT DELETE ON CAREENGINERUNMEMBERACTION TO INCV;

Grant succeeded.

SQL> GRANT INSERT ON CAREENGINERUNMEMBERACTION TO INCV;

Grant succeeded.

SQL> GRANT UPDATE ON CAREENGINERUNMEMBERACTION TO INCV;

Grant succeeded.

SQL> GRANT SELECT ON MEMBERRECOMMENDPRODUCTLASTRUN TO INCV WITH GRANT OPTION;

Grant succeeded.

SQL> GRANT DELETE ON MEMBERRECOMMENDPRODUCTLASTRUN TO INCV;

Grant succeeded.

SQL> GRANT INSERT ON MEMBERRECOMMENDPRODUCTLASTRUN TO INCV;

Grant succeeded.

SQL> GRANT UPDATE ON MEMBERRECOMMENDPRODUCTLASTRUN TO INCV;

Grant succeeded.

SQL> GRANT SELECT ON MEMBERHEALTHSTATE TO INCV;

Grant succeeded.

SQL> GRANT DELETE ON MEMBERHEALTHSTATE TO INCV;

Grant succeeded.

SQL> GRANT INSERT ON MEMBERHEALTHSTATE TO INCV;

Grant succeeded.

SQL> GRANT UPDATE ON MEMBERHEALTHSTATE TO INCV;

Grant succeeded.

SQL> 
SQL> GRANT SELECT ON MEMBERHEALTHSTATEFEEDBACKXREF TO ODS WITH GRANT OPTION;

Grant succeeded.

SQL> GRANT DELETE ON MEMBERHEALTHSTATEFEEDBACKXREF TO ODS;

Grant succeeded.

SQL> GRANT INSERT ON MEMBERHEALTHSTATEFEEDBACKXREF TO ODS;

Grant succeeded.

SQL> GRANT UPDATE ON MEMBERHEALTHSTATEFEEDBACKXREF TO ODS;

Grant succeeded.

SQL> GRANT DELETE ON CAREENGINERUNMEMBERACTION TO ODS;

Grant succeeded.

SQL> GRANT INSERT ON CAREENGINERUNMEMBERACTION TO ODS;

Grant succeeded.

SQL> GRANT SELECT ON CAREENGINERUNMEMBERACTION TO ODS;

Grant succeeded.

SQL> GRANT UPDATE ON CAREENGINERUNMEMBERACTION TO ODS;

Grant succeeded.

SQL> GRANT DELETE ON MEMBERRECOMMENDPRODUCTLASTRUN TO ODS;

Grant succeeded.

SQL> GRANT INSERT ON MEMBERRECOMMENDPRODUCTLASTRUN TO ODS;

Grant succeeded.

SQL> GRANT SELECT ON MEMBERRECOMMENDPRODUCTLASTRUN TO ODS;

Grant succeeded.

SQL> GRANT UPDATE ON MEMBERRECOMMENDPRODUCTLASTRUN TO ODS;

Grant succeeded.

SQL> GRANT DELETE ON MEMBERHEALTHSTATE TO ODS;

Grant succeeded.

SQL> GRANT INSERT ON MEMBERHEALTHSTATE TO ODS;

Grant succeeded.

SQL> GRANT SELECT ON MEMBERHEALTHSTATE TO ODS WITH GRANT OPTION;

Grant succeeded.

SQL> GRANT UPDATE ON MEMBERHEALTHSTATE TO ODS;

Grant succeeded.

SQL> 
SQL> EXIT;
Disconnected from Oracle Database 11g Enterprise Edition Release 11.2.0.1.0 - 64bit Production
With the Partitioning, OLAP, Data Mining and Real Application Testing options
