
Connected to: Oracle Database 11g Enterprise Edition Release 11.2.0.4.0 - 64bit Production
With the Partitioning, Real Application Clusters, Automatic Storage Management, OLAP,
Data Mining and Real Application Tes
Export done in US7ASCII character set and AL16UTF16 NCHAR character set
server uses WE8ISO8859P1 character set (possible charset conversion)
Note: table data (rows) will not be exported
. exporting pre-schema procedural objects and actions
. exporting foreign function library names for user ODS 
. exporting PUBLIC type synonyms
. exporting private type synonyms
. exporting object type definitions for user ODS 
EXP-00097: Object type "ODS"."CT_ME_PRV_TAB" is not in a valid state, type will not be exported
EXP-00097: Object type "ODS"."CT_ME_PRV_OBJ" is not in a valid state, type will not be exported
EXP-00090: cannot pin type "ODS"."TABLE_SRCPROVIDER"
EXP-00056: ORACLE error 22303 encountered
OCI-22303: type "ODS"."TABLE_SRCPROVIDER" not found
About to export ODS's objects ...
. exporting database links
. exporting sequence numbers
. exporting cluster definitions
. about to export ODS's tables via Conventional Path ...
. . exporting table  AACONDITIONREGISTRATIONCONFIG
. . exporting table                AAENROLLMENTLOG
. . exporting table                        AANURSE
. . exporting table       ACCOUNTCODESSYSTEMCONFIG
. . exporting table          ACCOUNTCODEXREFCONFIG
. . exporting table           ACCOUNTCONFIGURATION
. . exporting table             ACCOUNTCONFIGVALUE
. . exporting table       ACCOUNTDISPLAYTEXTCONFIG
. . exporting table    ACCOUNTPRECEDENCERULECONFIG
. . exporting table            ACNT_PRODUCTMAPPING
. . exporting table            ACNT_PROGRAMMAPPING
. . exporting table                  ACNT_REFTABLE
. . exporting table                       ACTIVITY
. . exporting table        ACTIVITYTYPESUBTYPEXREF
. . exporting table           ACTPATIENTCLAIMTRACK
. . exporting table         ACT_OP_MEMBER_XREF_STG
EXP-00111: Table ACXIOMATTRIBUTE resides in an Encrypted Tablespace SEC_ODS_DATA and will not be exported
. . exporting table                ACXIOMMEMBERJOB
. . exporting table               ADDITIONALFACTOR
. . exporting table              AETNAMEMBERCOUNTS
. . exporting table           AETNAMEMBEREXTENSION
EXP-00111: Table AETNAMEMBERREGISTRATION resides in an Encrypted Tablespace SEC_ODS_DATA and will not be exported
. . exporting table       AHMHRAQUESTIONANSWERXREF
. . exporting table            AHMMEDICALCONDITION
. . exporting table         AHMMRNBUSINESSSUPPLIER
. . exporting table     AHMMRNBUSINESSSUPPLIERHIST
. . exporting table   AHMMRNSUPPLIERPRECEDENCERULE
. . exporting table             AHMPROGRAMREFERRAL
. . exporting table         AHMPROGRAMREFERRAL_ETL
. . exporting table             ALLOWABLECMSSTATUS
. . exporting table                 ANALYTICREPORT
. . exporting table             ANALYZE_TABLE_LIST
. . exporting table     AS_AHDI_CSA_PROCES_ERR_LOG
. . exporting table                           ATOM
. . exporting table                    ATOM_011616
. . exporting table                    ATOM_021316
. . exporting table                    ATOM_031216
. . exporting table                    ATOM_041516
. . exporting table                    ATOM_041715
. . exporting table                    ATOM_051615
. . exporting table                    ATOM_061315
. . exporting table                    ATOM_071015
. . exporting table                    ATOM_082215
. . exporting table                    ATOM_091915
. . exporting table                    ATOM_101015
. . exporting table                    ATOM_112115
. . exporting table                    ATOM_121215
EXP-00111: Table ATTRIBUTEDMEMBER resides in an Encrypted Tablespace SEC_ODS_DATA and will not be exported
. . exporting table            AUDIT_QM_REPORT_TMP
. . exporting table               AUDIT_REPORT_TMP
. . exporting table                          BATCH
. . exporting table     BATCHMASTERSUPPLIERSUMMARY
. . exporting table           BATCHSUPPLIERSUMMARY
EXP-00113: Feature New Composite Partitioning Method is unsupported. Table ODS.BATCHTRACKING could not be exported
. . exporting table             BHIX_AHM_MRN_MERGE
. . exporting table                  BLACKLISTXREF
EXP-00111: Table CAREENGINEMEMBERPROCESSDEL resides in an Encrypted Tablespace SEC_ODS_DATA and will not be exported
. . exporting table  CAREENGINEMEMBERPROCESSSTATUS
. . exporting table CAREENGINEMEMBERPROCESSSTATUS1
. . exporting table CAREENGINEMEMBERPROCESSSTATUST
. . exporting table      CAREENGINEMEMBERPROCSTS00
. . exporting table                   CAREPROVIDER
. . exporting table       CAREPROVIDERORGANIZATION
. . exporting table   CAREPROVIDERORGANIZATIONXREF
. . exporting table               CAREPROVIDERXREF
. . exporting table     CARETEAMMEMBERPROVIDERXREF
. . exporting table                           CASE
. . exporting table                  CASEEXCLUSION
. . exporting table                  CASERECOMMEND
. . exporting table      CASERECOMMENDODSEXTENSION
. . exporting table                CCDA_MASTERCODE
. . exporting table            CCDA_OUTBOUND_DEBUG
. . exporting table           CCRECOMMENDATIONTEXT
EXP-00111: Table CDAERRORS resides in an Encrypted Tablespace SEC_ODS_DATA and will not be exported
EXP-00111: Table CEDITDIAGPICK resides in an Encrypted Tablespace SEC_ODS_DATA and will not be exported
EXP-00111: Table CEDITDRUGPICK resides in an Encrypted Tablespace SEC_ODS_DATA and will not be exported
EXP-00111: Table CEDITLABPICK resides in an Encrypted Tablespace SEC_ODS_DATA and will not be exported
EXP-00111: Table CEDITPROCPICK resides in an Encrypted Tablespace SEC_ODS_DATA and will not be exported
. . exporting table                 CEMEMBERBACKUP
. . exporting table                   CEODSRUNSYNC
. . exporting table                   CHAINED_ROWS
. . exporting table             CLIENTSUPPLIERXREF
. . exporting table  CLINICALDATASOURCESUPPLIERREL
. . exporting table                 CLINICALDOCHIE
. . exporting table              CLINICALEXCLUSION
. . exporting table        CLINICALSTMTPROVIDERREL
. . exporting table                CLINICALSTMTREL
. . exporting table                      CMEXTRACT
. . exporting table CMREP_TMP_ACTIVITYLVLEXCEPTION
. . exporting table                CMREP_TMP_BATCH
. . exporting table           CMREP_TMP_CAREALERTS
. . exporting table       CMREP_TMP_CCNCEVALUATION
. . exporting table CMREP_TMP_CCNCEVAL_ACTVOTRCOMP
. . exporting table  CMREP_TMP_CCNCEVAL_AHCCNCTRFR
. . exporting table CMREP_TMP_CCNCEVAL_AVGTIMEBYCT
. . exporting table   CMREP_TMP_CCNCEVAL_CCNCENROL
. . exporting table   CMREP_TMP_CCNCEVAL_ENGAHBACK
. . exporting table     CMREP_TMP_CCNCEVAL_ENGNOCP
. . exporting table   CMREP_TMP_CCNCEVAL_ENGOPENME
. . exporting table  CMREP_TMP_CCNCEVAL_MEDVERFINC
. . exporting table    CMREP_TMP_CCNCEVAL_OTR3DAYS
. . exporting table  CMREP_TMP_CCNCEVAL_PROVMEMBER
. . exporting table        CMREP_TMP_CCNCEVAL_SF12
. . exporting table  CMREP_TMP_CCNCEVAL_SF12PRIOR3
. . exporting table    CMREP_TMP_CCNCEVAL_SUPPLIST
. . exporting table CMREP_TMP_CCNCEVAL_UNENGAHBACK
. . exporting table  CMREP_TMP_CCNCRNG_ACTVOTRCOMP
. . exporting table   CMREP_TMP_CCNCRNG_AHCCNCTRFR
. . exporting table  CMREP_TMP_CCNCRNG_AVGTIMEBYCT
. . exporting table    CMREP_TMP_CCNCRNG_CCNCENROL
. . exporting table    CMREP_TMP_CCNCRNG_ENGAHBACK
. . exporting table      CMREP_TMP_CCNCRNG_ENGNOCP
. . exporting table    CMREP_TMP_CCNCRNG_ENGOPENME
. . exporting table   CMREP_TMP_CCNCRNG_MEDVERFINC
. . exporting table     CMREP_TMP_CCNCRNG_OTR3DAYS
. . exporting table         CMREP_TMP_CCNCRNG_SF12
. . exporting table   CMREP_TMP_CCNCRNG_SF12PRIOR3
. . exporting table  CMREP_TMP_CCNCRNG_UNENGAHBACK
. . exporting table           CMREP_TMP_ENCOUNTERS
. . exporting table             CMREP_TMP_ERRORLOG
. . exporting table       CMREP_TMP_JUSTIFICATIONS
. . exporting table              CMREP_TMP_MEMBERS
. . exporting table        CMREP_TMP_NETWORKCHANGE
. . exporting table   CMREP_TMP_OPERATIONALSUMMARY
. . exporting table CMREP_TMP_PATIENTLVLEXCEPTIONS
. . exporting table    CMREP_TMP_PCPPROVIDERMEMBER
. . exporting table        CMREP_TMP_PROCESSSTATUS
. . exporting table    CMREP_TMP_PROVLVLEXCEPTIONS
. . exporting table            CMREP_TMP_QMDETAILS
. . exporting table        CMREP_TMP_QM_MDFDETAILS
. . exporting table      CMREP_TMP_QM_MDFMASKVALUE
. . exporting table     CMREP_TMP_RANGE_CAREALERTS
. . exporting table     CMREP_TMP_RANGE_ENCOUNTERS
. . exporting table   CMREP_TMP_RANGE_USERACTIVITY
. . exporting table       CMREP_TMP_RECOMMPATIENTS
. . exporting table      CMREP_TMP_RELEASEPATIENTS
. . exporting table         CMREP_TMP_SUPPLIERLIST
. . exporting table    CMREP_TMP_UNRELASEDPATIENTS
. . exporting table         CMREP_TMP_USERACTIVITY
. . exporting table                            CMS
. . exporting table                        CMSHIST
. . exporting table                   CMSNURSEXREF
. . exporting table                      CMSREASON
. . exporting table                      CMSSTATUS
. . exporting table                        CMSTYPE
. . exporting table                COACHINGSESSION
EXP-00111: Table COCDTCERROR resides in an Encrypted Tablespace SEC_ODS_DATA and will not be exported
. . exporting table                       COMMENTS
. . exporting table               CONSENTPOLICYHIE
. . exporting table                  CRSATTRIBUTES
. . exporting table          CRSPROCATTRIBS_C_DIAG
. . exporting table          CRSPROCATTRIBS_C_DRUG
. . exporting table           CRSPROCATTRIBS_C_LAB
. . exporting table          CRSPROCATTRIBS_C_PROC
. . exporting table          CRSPROCATTRIBS_H_DIAG
. . exporting table          CRSPROCATTRIBS_H_DRUG
. . exporting table           CRSPROCATTRIBS_H_LAB
. . exporting table          CRSPROCATTRIBS_H_PROC
. . exporting table       CRSPROCATTRIBS_PRESELPRV
. . exporting table             CRSPROCATTRIBS_PRV
. . exporting table          CRSPROCATTRIBS_PRVORG
. . exporting table         CRSPROCESSEDATTRIBUTES
. . exporting table     CRSPROCESSEDATTRIBUTES_OLD
. . exporting table    CRSPROCESSEDATTRIBUTES_TMP1
. . exporting table              CRS_CLAIMS_REPORT
. . exporting table            CRS_ETL_DELTA_DATES
. . exporting table       CRS_MEMBERS_NOTPROCESSED
. . exporting table               CRS_MEMBER_DUPES
. . exporting table            CRS_MEMBER_PROVIDER
. . exporting table                        CRS_PDP
. . exporting table                        CRS_PLR
. . exporting table                        CRS_PMD
. . exporting table                        CRS_PMP
. . exporting table                CSASUPPLIERXREF
. . exporting table       CSASUPPLIERXREF_ERRORLOG
EXP-00111: Table CSIDCONDITIONDETAIL resides in an Encrypted Tablespace SEC_ODS_DATA and will not be exported
. . exporting table                            CVX
EXP-00111: Table DAILY_PROCESSING_ERRORS resides in an Encrypted Tablespace SEC_ODS_DATA and will not be exported
. . exporting table         DASHBOARDCOMPONENTXREF
. . exporting table              DATAQUALITYREPORT
. . exporting table                     DATASOURCE
. . exporting table                DBGGETCMELIGMEM
. . exporting table          DBUG_AAEMPLOYEEMEMBER
. . exporting table                DBUG_DEVICEDATA
. . exporting table        DBUG_FHIR_ALERT_DETAILS
. . exporting table              DBUG_FHIR_ALLERGY
. . exporting table    DBUG_FHIR_IMMUNIZATION_DATA
. . exporting table            DBUG_FHIR_LABRESULT
. . exporting table     DBUG_FHIR_MEDICATION_ORDER
. . exporting table       DBUG_FHIR_RECOMMENDATION
. . exporting table    DBUG_GETDASHBOARDDATAFORMAH
. . exporting table DBUG_GETHLTHACTIONFORMEMBERNGX
. . exporting table DBUG_GETIMMUDETAILFORMEMBERNGX
. . exporting table  DBUG_GETIMMUSUMRYFORMEMBERNGX
. . exporting table    DBUG_GETINCIDENTMBRINSTANCE
. . exporting table       DBUG_GETINCIDENTSFORUSER
. . exporting table       DBUG_GETLABRESULTSFORMAH
. . exporting table DBUG_GETMARKERSFORMEMBERAHMMOB
. . exporting table           DBUG_GETMEMBERHRANGX
. . exporting table          DBUG_GETMEMBERHRA_MAH
. . exporting table      DBUG_GETMEMBERPREFERENCES
. . exporting table        DBUG_GETMEMBERREGDEVICE
. . exporting table     DBUG_GETMEMPOPULATIONFOCUS
. . exporting table          DBUG_GETMERGEDMEMBERS
. . exporting table         DBUG_GETPATIENTFORPROV
. . exporting table             DBUG_GETPATIENTIDS
. . exporting table        DBUG_GETPOPULATIONFOCUS
. . exporting table          DBUG_GETPRIORALERTDTL
. . exporting table  DBUG_GET_AHMMBRPLANIDFORPATID
. . exporting table        DBUG_GET_PATIDFORAA_ATV
. . exporting table         DBUG_HLTACTNRESTDATNGX
. . exporting table                DBUG_HOARESTDAT
. . exporting table      DBUG_MANAGEHIEAGGREGATION
. . exporting table        DBUG_MHSHISTORICAL_DATA
. . exporting table   DBUG_MOBILEMEMBERELIGIBILITY
. . exporting table           DBUG_NGXGETALLERGIES
. . exporting table          DBUG_NGXGETHOSPVISITS
. . exporting table           DBUG_NGXGETLABDETAIL
. . exporting table   DBUG_NGXGETMESSAGESFORTHREAD
. . exporting table         DBUG_NGXGETPROCSUMMARY
. . exporting table         DBUG_NGX_GETCONDDETAIL
. . exporting table        DBUG_NGX_GETCONDSUMMARY
. . exporting table         DBUG_NGX_GETLABSUMMARY
. . exporting table          DBUG_NGX_GETMEDDETAIL
. . exporting table         DBUG_NGX_GETMEDSUMMARY
. . exporting table     DBUG_NGX_GETMESSAGETHREADS
. . exporting table DBUG_NGX_GETNURSEINFOFORMEMBER
. . exporting table   DBUG_NGX_GETPARTICIPATIONDTL
. . exporting table            DBUG_NGX_SETMESSAGE
. . exporting table    DBUG_NGX_SETMESSAGEREADFLAG
. . exporting table           DBUG_PCPBATCHREFRESH
. . exporting table                       DBUG_PSA
. . exporting table             DBUG_SETACTREFDATA
. . exporting table      DBUG_SETDEVICETRACKERDATA
. . exporting table              DBUG_SETEVENTDATA
. . exporting table      DBUG_SETHASNOOZEFORMEMBER
. . exporting table       DBUG_SETINCIDENTSFORUSER
. . exporting table        DBUG_SETMEMBERDEVICEREG
. . exporting table      DBUG_SETMEMBEREVENTACTION
. . exporting table           DBUG_SETMEMBERHRANGX
. . exporting table DBUG_SETMEMBERVIEWEDHLTHACTION
. . exporting table            DBUG_SETMEMPOPFOCUS
. . exporting table    DBUG_SETNOTECATGRELATEDTYPE
. . exporting table           DBUG_SETPATEMREXDATA
. . exporting table        DBUG_SETPOPULATIONFOCUS
. . exporting table       DBUG_SETPROGREGISTRATION
. . exporting table          DBUG_SETUEMBRINFO_ESB
. . exporting table               DBUG_SETUSERINFO
. . exporting table     DBUG_SETUSERORGASSOCIATION
. . exporting table        DBUG_SET_FHIR_ENCOUNTER
. . exporting table      DBUG_SP_PATIENTSEARCHBYID
. . exporting table  DBUG_SP_PATIENTSRCHBYDEMOGRAP
. . exporting table         DBUG_SP_PROVIDERSEARCH
. . exporting table  DBUG_UPDATEEMAILPREFERENCEFLG
. . exporting table    DBUG_UPDATEMERGEMEBEREMRDOC
. . exporting table            DBUG_USERPRVRTPRFSH
. . exporting table                 DEBUGEXCEPTION
. . exporting table      DEBUGEXCEPTION_BK_APR2018
. . exporting table                       DEBUGLOG
. . exporting table                      DEBUGPROC
. . exporting table                   DEBUGPROCHIE
. . exporting table        DELETEAHMPATIENTS_DEBUG
. . exporting table              DEVICETRACKERXREF
. . exporting table                      DOMAINHIE
. . exporting table                     DOSAGEFORM
. . exporting table     DRUGADMINSTRATIONROUTETYPE
. . exporting table                   DRUGCATEGORY
. . exporting table                       DRUGLIST
. . exporting table                   DRUGLISTXREF
. . exporting table      DRUG_PRES_SUPPLIER_COUNTS
. . exporting table                 ECCBATCHDETAIL
. . exporting table                        ELEMENT
. . exporting table           ELEMENTSDISPLAYCLASS
. . exporting table    ELEMENTSDISPLAYCLASS_021316
. . exporting table         ELEMENTSDISPLAYCLASS_1
. . exporting table                 ELEMENT_011616
. . exporting table                 ELEMENT_021316
. . exporting table                 ELEMENT_031216
. . exporting table                 ELEMENT_041516
. . exporting table                 ELEMENT_041715
. . exporting table                 ELEMENT_051615
. . exporting table                 ELEMENT_061315
. . exporting table                 ELEMENT_071015
. . exporting table                 ELEMENT_082215
. . exporting table                 ELEMENT_091915
. . exporting table                 ELEMENT_101015
. . exporting table                 ELEMENT_112115
. . exporting table                 ELEMENT_121215
. . exporting table                       EMPLOYEE
. . exporting table   ENCOUNTERCAREPROFESSIONALREL
EXP-00111: Table ENCOUNTERCLAIMINFO resides in an Encrypted Tablespace SEC_ODS_DATA and will not be exported
. . exporting table                  EPMEXTRACTLOG
. . exporting table                    ERR$_MEMBER
. . exporting table                    ERR_SUMMARY
. . exporting table               ESBCDRFILECONFIG
. . exporting table            ESBERRORLOG_SEP2015
. . exporting table             ETLFILELOADSUMMARY
. . exporting table      ETLMASTERSUPPLIEROVERRIDE
. . exporting table             ETLPROCESSCONSUMER
. . exporting table               ETLPROCESSDRIVER
. . exporting table     ETLPROCESSDRIVER_BKP032013
. . exporting table        ETLPROCESSEXTRACTCONFIG
. . exporting table  ETLPROCESSEXTRACTCONFIGDETAIL
. . exporting table              ETLPROCESSTRIGGER
. . exporting table           ETLSOURCECONTROLFILE
. . exporting table                  ETLSOURCEFILE
. . exporting table                     ETLTRIGGER
. . exporting table                  ETLTRIGGERCDI
. . exporting table              ETL_FDI_FILE_SPEC
. . exporting table        EXCLUDEDPROVIDERORGXREF
. . exporting table           EXCLUDEDPROVIDERXREF
. . exporting table                  EXCLUSIONCODE
. . exporting table                EXCLUSIONREASON
. . exporting table  EXTENDEDFAMILYMEMBERCONDITION
. . exporting table            EXTENDEREXTENDERREL
. . exporting table    EXTENDEREXTENDERREL_B4Q2MIG
. . exporting table      EXTENDEREXTENDERREL_PTREL
EXP-00111: Table EXTERNALBATCHDELIVERY resides in an Encrypted Tablespace SEC_ODS_DATA and will not be exported
. . exporting table           EXTERNALORGANIZATION
. . exporting table                 FEEDBACKMETHOD
. . exporting table                FEEDBACKOUTCOME
. . exporting table                 FEEDBACKREASON
. . exporting table             FEEDBACKSUBREASONS
. . exporting table           FEEDBACKSUBSUBREASON
. . exporting table                FEEDBACKSUCCESS
. . exporting table                   FFCTRGRPXREF
. . exporting table             FINANCEBILLINGRATE
. . exporting table              FINANCECOSTCENTER
. . exporting table                 FINANCEPRODGRP
. . exporting table               FINANCEREPORTTAB
. . exporting table             FIPS_STATECODE_MAP
. . exporting table                        GCNDRUG
. . exporting table        GCNTHERAPEUTICCLASSXREF
. . exporting table         GLBOAL_ETL_USERPATIENT
. . exporting table       GLOAL_CT_PATIENTPROVIDER
. . exporting table          GLOBAL_ACCOUNT_MEMBER
. . exporting table            GLOBAL_CRECRESPONSE
. . exporting table      GLOBAL_CTTMP_PAYERINSDTLS
. . exporting table             GLOBAL_CT_DR_COUNT
. . exporting table      GLOBAL_CT_GETINCIDENTLIST
. . exporting table     GLOBAL_CT_GETINCIDENTLIST1
. . exporting table GLOBAL_CT_GETINCIDENTLIST1_TMP
. . exporting table  GLOBAL_CT_GETINCIDENTLIST_TMP
. . exporting table  GLOBAL_CT_HEALTHPROFILEMARKER
. . exporting table           GLOBAL_CT_MARKERLIST
. . exporting table   GLOBAL_CT_MASTERMEMBER_ASSOC
. . exporting table  GLOBAL_CT_MASTERMEMBER_ASSOC1
. . exporting table    GLOBAL_CT_MEMBERHEALTHSTATE
. . exporting table          GLOBAL_CT_MEMBERRUNID
. . exporting table                GLOBAL_CT_MHSAP
. . exporting table      GLOBAL_CT_PATIENT_ALLERGY
. . exporting table          GLOBAL_CT_PATIENT_DOC
. . exporting table GLOBAL_CT_PATIENT_IMMUNIZATION
. . exporting table         GLOBAL_CT_PATIENT_INFO
. . exporting table         GLOBAL_CT_PATIENT_LABS
. . exporting table  GLOBAL_CT_PATIENT_MEDICATIONS
. . exporting table     GLOBAL_CT_PATIENT_PROBLEMS
. . exporting table   GLOBAL_CT_PATIENT_PROCEDURES
. . exporting table       GLOBAL_CT_PATIENT_SEARCH
. . exporting table     GLOBAL_CT_QMCOMPILANCELIST
. . exporting table          GLOBAL_CT_RUNACTIONID
. . exporting table        GLOBAL_CT_SEARCHPATIENT
. . exporting table GLOBAL_CT_SEARCHPATIENT_SUPPLR
. . exporting table         GLOBAL_CT_SETASSOC_LOG
. . exporting table    GLOBAL_CT_SETINCFORUSER_LOG
. . exporting table             GLOBAL_CT_SETNOTES
. . exporting table   GLOBAL_CT_SETPATIENTRESPONSE
. . exporting table         GLOBAL_CT_TEMP_ADTDTLS
. . exporting table        GLOBAL_CT_TEMP_ADTDTLS1
. . exporting table           GLOBAL_CT_TEMP_ALTID
. . exporting table     GLOBAL_CT_TEMP_CDAEVIDENCE
. . exporting table    GLOBAL_CT_TEMP_CDAEVIDENCE1
. . exporting table        GLOBAL_CT_TEMP_DRDETAIL
. . exporting table         GLOBAL_CT_TEMP_EVDLIST
. . exporting table    GLOBAL_CT_TEMP_FEEDBACKLIST
. . exporting table    GLOBAL_CT_TEMP_MARKERALERTS
. . exporting table        GLOBAL_CT_TEMP_MAXRUNID
. . exporting table        GLOBAL_CT_TEMP_MEDETAIL
. . exporting table          GLOBAL_CT_TEMP_MELIST
. . exporting table         GLOBAL_CT_TEMP_MELIST1
. . exporting table     GLOBAL_CT_TEMP_MEMBER_LIST
. . exporting table      GLOBAL_CT_TEMP_ME_MEMBERS
. . exporting table       GLOBAL_CT_TEMP_MKMBRLIST
. . exporting table        GLOBAL_CT_TEMP_NOTEITEM
. . exporting table        GLOBAL_CT_TEMP_NOTELIST
. . exporting table     GLOBAL_CT_TEMP_PATIENTINFO
. . exporting table         GLOBAL_CT_TEMP_PREAUTH
. . exporting table   GLOBAL_CT_TEMP_PROVIDER_LIST
. . exporting table           GLOBAL_CT_TEMP_PRVQM
. . exporting table  GLOBAL_CT_TEMP_QMDETAILFORPRV
. . exporting table GLOBAL_CT_TEMP_QMDTLFORPATIENT
. . exporting table           GLOBAL_CT_TEMP_QMMHS
. . exporting table       GLOBAL_CT_TEMP_QMMHSDTLS
. . exporting table       GLOBAL_CT_TEMP_QMPRVLIST
. . exporting table     GLOBAL_CT_TEMP_RUNACTIONID
. . exporting table       GLOBAL_CT_TMP_ADTDETAILS
. . exporting table    GLOBAL_CT_TMP_ADTPRVDETAILS
. . exporting table        GLOBAL_CT_TMP_ALTMEMBER
. . exporting table    GLOBAL_CT_TMP_HIGHMASKVALUE
. . exporting table           GLOBAL_CT_TMP_MEMBER
. . exporting table  GLOBAL_CT_TMP_PATIENT_ALLERGY
. . exporting table          GLOBAL_CT_USERPROVREL
. . exporting table      GLOBAL_CT_WORKTBL_EVDLIST
. . exporting table      GLOBAL_CT_WORKTBL_PREAUTH
. . exporting table      GLOBAL_HIEOB_GETHRACURSOR
. . exporting table    GLOBAL_HIEOB_HEALTHTEAMINFO
. . exporting table               GLOBAL_HIEOB_HRA
. . exporting table       GLOBAL_HIEOB_HRARESPONSE
. . exporting table      GLOBAL_HIEOB_IMMUNIZATION
. . exporting table              GLOBAL_HIEOB_LABS
. . exporting table       GLOBAL_HIEOB_MEDICATIONS
. . exporting table        GLOBAL_HIEOB_MEMBERLIST
. . exporting table        GLOBAL_HIEOB_PROCEDURES
. . exporting table     GLOBAL_MEMBERDERIVEDFACTID
. . exporting table             GLOBAL_ODSTRACKING
. . exporting table          GLOBAL_PHR_TMP_MEMBER
. . exporting table           GLOBAL_PH_NPIEXTRACT
. . exporting table     GLOBAL_RESET_HEALTHACTIONS
. . exporting table GLOBAL_TEMP1_AETNAMEMBERCLAIMS
. . exporting table         GLOBAL_TEMP1_LOINC1CPT
. . exporting table           GLOBAL_TEMP1_SETHLTH
. . exporting table GLOBAL_TEMP2_AETNAMEMBERCLAIMS
. . exporting table    GLOBAL_TEMP2_SSOELIGIBILITY
. . exporting table    GLOBAL_TEMP4_SSOELIGIBILITY
. . exporting table    GLOBAL_TEMP5_SSOELIGIBILITY
. . exporting table        GLOBAL_TEMP_AAHRASURVEY
. . exporting table          GLOBAL_TEMP_ACCTSETUP
. . exporting table           GLOBAL_TEMP_ADDRINFO
. . exporting table     GLOBAL_TEMP_AETNAGETMEMBER
. . exporting table    GLOBAL_TEMP_AETNAGETMEMBER1
. . exporting table  GLOBAL_TEMP_AETNAMEMBERCLAIMS
. . exporting table      GLOBAL_TEMP_AETNASUPPLIER
. . exporting table       GLOBAL_TEMP_ALLCDAMELIST
. . exporting table          GLOBAL_TEMP_ALLERGIES
. . exporting table             GLOBAL_TEMP_ATVHRA
. . exporting table        GLOBAL_TEMP_CALCTRACKER
. . exporting table       GLOBAL_TEMP_CALCTRACKER1
. . exporting table      GLOBAL_TEMP_CASECLAIMLIST
. . exporting table     GLOBAL_TEMP_CASECLAIMLIST3
. . exporting table           GLOBAL_TEMP_CASELIST
. . exporting table        GLOBAL_TEMP_CDAEVIDENCE
. . exporting table       GLOBAL_TEMP_CDAEVIDENCE1
. . exporting table    GLOBAL_TEMP_CDA_ENROLLMENT2
. . exporting table    GLOBAL_TEMP_CDA_ENROLLMENT3
. . exporting table      GLOBAL_TEMP_CERUNACTIONID
. . exporting table           GLOBAL_TEMP_CT_ALTID
. . exporting table             GLOBAL_TEMP_CT_MBR
. . exporting table          GLOBAL_TEMP_DASHBOARD
. . exporting table   GLOBAL_TEMP_DASHBOARDDETAILS
. . exporting table      GLOBAL_TEMP_DASHBOARDHIST
. . exporting table   GLOBAL_TEMP_DASHBOARDHRAHIST
. . exporting table GLOBAL_TEMP_ECC_JUSTIFICATIONS
. . exporting table              GLOBAL_TEMP_ETLCC
. . exporting table             GLOBAL_TEMP_ETLDUP
. . exporting table       GLOBAL_TEMP_ETLGETMEMBER
. . exporting table           GLOBAL_TEMP_EVIDENCE
. . exporting table          GLOBAL_TEMP_EVIDENCE1
. . exporting table          GLOBAL_TEMP_GETAAHRA1
. . exporting table          GLOBAL_TEMP_GETAAHRA2
. . exporting table            GLOBAL_TEMP_GETHLTH
. . exporting table             GLOBAL_TEMP_GETHRA
. . exporting table       GLOBAL_TEMP_GETHRACURSOR
. . exporting table      GLOBAL_TEMP_GETHRACURSOR2
. . exporting table             GLOBAL_TEMP_GETLAB
. . exporting table            GLOBAL_TEMP_GETLAB2
. . exporting table            GLOBAL_TEMP_GETLAB3
. . exporting table           GLOBAL_TEMP_GETLAB3A
. . exporting table           GLOBAL_TEMP_GETLAB3B
. . exporting table           GLOBAL_TEMP_GETLAB4B
. . exporting table           GLOBAL_TEMP_GETLAB4C
. . exporting table          GLOBAL_TEMP_GETLABMAH
. . exporting table    GLOBAL_TEMP_GETPROVPROFILE2
. . exporting table    GLOBAL_TEMP_GETPROVPROFILE3
. . exporting table            GLOBAL_TEMP_GETRECO
. . exporting table           GLOBAL_TEMP_GETRECO1
. . exporting table           GLOBAL_TEMP_GETRECO2
. . exporting table  GLOBAL_TEMP_HIGHLIGHTINGLIST1
. . exporting table   GLOBAL_TEMP_HOAHLTHCLOUDDATA
. . exporting table  GLOBAL_TEMP_HOAHLTHCLOUDDATA1
. . exporting table                GLOBAL_TEMP_HRA
. . exporting table               GLOBAL_TEMP_HRA1
. . exporting table               GLOBAL_TEMP_HRA2
. . exporting table               GLOBAL_TEMP_HRA3
. . exporting table               GLOBAL_TEMP_HRA4
. . exporting table        GLOBAL_TEMP_HRARESPONSE
. . exporting table          GLOBAL_TEMP_HRASURVEY
. . exporting table        GLOBAL_TEMP_LABSSUMMARY
. . exporting table       GLOBAL_TEMP_LABSSUMMARY1
. . exporting table       GLOBAL_TEMP_LABSSUMMARY2
. . exporting table          GLOBAL_TEMP_LOINC1CPT
. . exporting table             GLOBAL_TEMP_MARKER
. . exporting table            GLOBAL_TEMP_MARKER1
. . exporting table            GLOBAL_TEMP_MARKER2
. . exporting table GLOBAL_TEMP_MARKEREVIDENCELIST
. . exporting table          GLOBAL_TEMP_MARKERFDB
. . exporting table   GLOBAL_TEMP_MARKERSOURCELIST
. . exporting table  GLOBAL_TEMP_MARKERSOURCELIST1
. . exporting table          GLOBAL_TEMP_MECOMMDTL
. . exporting table            GLOBAL_TEMP_MEDREF1
. . exporting table            GLOBAL_TEMP_MEDREF2
. . exporting table     GLOBAL_TEMP_MEEVIDENCELIST
. . exporting table             GLOBAL_TEMP_MELIST
. . exporting table             GLOBAL_TEMP_MEMBER
. . exporting table  GLOBAL_TEMP_MEMBERALTERNATEID
. . exporting table  GLOBAL_TEMP_MEMBERDERIVEDFACT
. . exporting table  GLOBAL_TEMP_MEMBERSUNACTIONID
. . exporting table        GLOBAL_TEMP_MEVENTSLIST
. . exporting table      GLOBAL_TEMP_MHSTRACKINGID
. . exporting table  GLOBAL_TEMP_MHSTRACKINGIDLIST
. . exporting table GLOBAL_TEMP_MHS_JUSTIFICATION1
. . exporting table GLOBAL_TEMP_MHS_JUSTIFICATION3
. . exporting table GLOBAL_TEMP_MHS_JUSTIFICATION4
. . exporting table   GLOBAL_TEMP_MK_EVIDENCELIST1
. . exporting table   GLOBAL_TEMP_MK_EVIDENCELIST2
. . exporting table   GLOBAL_TEMP_MK_EVIDENCELIST3
. . exporting table         GLOBAL_TEMP_MOODCDLIST
. . exporting table          GLOBAL_TEMP_PAYERMOVE
. . exporting table             GLOBAL_TEMP_PERSON
. . exporting table    GLOBAL_TEMP_PROCEDUREDETAIL
. . exporting table   GLOBAL_TEMP_PROCEDUREDETAIL1
. . exporting table      GLOBAL_TEMP_PRODUCTCDLIST
. . exporting table    GLOBAL_TEMP_PRODUCTMARKER_S
. . exporting table   GLOBAL_TEMP_PRODUCTMARKER_S1
. . exporting table   GLOBAL_TEMP_PRODUCTMARKER_S2
. . exporting table    GLOBAL_TEMP_QNRESPONSELIST1
. . exporting table        GLOBAL_TEMP_REGSUPPLIER
. . exporting table              GLOBAL_TEMP_RUNID
. . exporting table             GLOBAL_TEMP_RUNID1
. . exporting table             GLOBAL_TEMP_RUNID2
. . exporting table             GLOBAL_TEMP_RUNID3
. . exporting table       GLOBAL_TEMP_SETALLERGIES
. . exporting table  GLOBAL_TEMP_SETHEALTHFEEDBACK
. . exporting table            GLOBAL_TEMP_SETHLTH
. . exporting table    GLOBAL_TEMP_SETIMMUNIZATION
. . exporting table             GLOBAL_TEMP_SETLAB
. . exporting table            GLOBAL_TEMP_SETLAB1
. . exporting table             GLOBAL_TEMP_SETMED
. . exporting table            GLOBAL_TEMP_SETMED2
. . exporting table            GLOBAL_TEMP_SETMED3
. . exporting table      GLOBAL_TEMP_SETMEDSUMMARY
. . exporting table     GLOBAL_TEMP_SETMEDSUMMARY1
. . exporting table      GLOBAL_TEMP_SETPROCEDURE1
. . exporting table      GLOBAL_TEMP_SETPROCEDURE2
. . exporting table           GLOBAL_TEMP_SETUELAB
. . exporting table          GLOBAL_TEMP_SETUEMEDS
. . exporting table        GLOBAL_TEMP_SSHRASURVEY
. . exporting table     GLOBAL_TEMP_SSOELIGIBILITY
. . exporting table            GLOBAL_TEMP_TRACKER
. . exporting table      GLOBAL_TEMP_WELLQUALLOGIC
. . exporting table          GLOBAL_TMP1_HRASURVEY
. . exporting table  GLOBAL_TMP1_MHS_JUSTIFICATION
. . exporting table        GLOBAL_TMP1_SSOSUPPLIER
. . exporting table        GLOBAL_TMP2_SSOSUPPLIER
. . exporting table          GLOBAL_TMP3_HRASURVEY
. . exporting table        GLOBAL_TMP4_SSOSUPPLIER
. . exporting table GLOBAL_TMPUSERPATIENTCACHE_REQ
. . exporting table         GLOBAL_TMP_AAHRASURVEY
. . exporting table            GLOBAL_TMP_ADDRINFO
. . exporting table          GLOBAL_TMP_ARCHMEMBER
. . exporting table   GLOBAL_TMP_BATCHMEMBERPLANID
. . exporting table  GLOBAL_TMP_CDA_ENROLLMENTLIST
. . exporting table GLOBAL_TMP_CDA_ENROLLMENTLIST1
. . exporting table                 GLOBAL_TMP_CMS
. . exporting table      GLOBAL_TMP_DEVTRACKERDATA
. . exporting table GLOBAL_TMP_GETALLINSURANCE_WTF
. . exporting table        GLOBAL_TMP_GETMEDCURSOR
. . exporting table       GLOBAL_TMP_GETMEDCURSOR1
. . exporting table       GLOBAL_TMP_GETMEDCURSOR2
. . exporting table      GLOBAL_TMP_GETMEDICATIONS
. . exporting table     GLOBAL_TMP_GETMEDICATIONS1
. . exporting table     GLOBAL_TMP_GETMEDICATIONS2
. . exporting table        GLOBAL_TMP_GETMED_CLOB1
. . exporting table           GLOBAL_TMP_HRASURVEY
. . exporting table            GLOBAL_TMP_MAILINFO
. . exporting table           GLOBAL_TMP_MAILINFO1
. . exporting table    GLOBAL_TMP_MASTERSUPPLIERID
. . exporting table        GLOBAL_TMP_MEMBERDETAIL
. . exporting table   GLOBAL_TMP_MEMBERMERGEDETAIL
. . exporting table        GLOBAL_TMP_MHP_EVIDENCE
. . exporting table       GLOBAL_TMP_MHP_EVIDENCE2
. . exporting table   GLOBAL_TMP_MHS_JUSTIFICATION
. . exporting table    GLOBAL_TMP_NGXGETMEDDETAILS
. . exporting table         GLOBAL_TMP_PATIENTINFO
. . exporting table    GLOBAL_TMP_PAYERAGGREGATION
. . exporting table           GLOBAL_TMP_PHONEINFO
. . exporting table           GLOBAL_TMP_PROVIDERS
. . exporting table     GLOBAL_TMP_REMOVELSBDETAIL
. . exporting table        GLOBAL_TMP_SERVICEDATES
. . exporting table         GLOBAL_TMP_SETHOMEWORK
. . exporting table        GLOBAL_TMP_SETHOMEWORK1
. . exporting table        GLOBAL_TMP_SETHOMEWORK2
. . exporting table         GLOBAL_TMP_SSHRASURVEY
. . exporting table         GLOBAL_TMP_SSOSUPPLIER
. . exporting table   GLOBAL_T_MEMBERDERIVEDFACTID
. . exporting table            GTMP_COM_MEMBERLIST
. . exporting table        GTMP_DOMAINCACHE_OUTPUT
. . exporting table          GTMP_MEMBER_SUPPLIERS
. . exporting table  GTMP_PERSONAGGREGATIONPROCESS
. . exporting table                    GTMP_STGMPR
. . exporting table                    GTT_AHM_PHR
. . exporting table               GTT_AHM_SUPPLIER
. . exporting table             GTT_CT_MEMPOPFOCUS
. . exporting table         GTT_GETMEMBERDEPENDENT
. . exporting table            GTT_MANAGEAGGREGATE
. . exporting table               GTT_MEMBERDETAIL
. . exporting table          GTT_MEMBER_CONDITIONS
. . exporting table GTT_MEMBER_EVIDENCE_CONDITIONS
. . exporting table          HEALTHEVENTEXTRACTLOG
. . exporting table                  HEALTHTRACKER
. . exporting table        HEALTHTRACKERCALCCONFIG
. . exporting table           HEALTHTRACKERELEMENT
. . exporting table     HEALTHTRACKERELEMENT_JUN13
. . exporting table        HEALTHTRACKERSYSTEMXREF
. . exporting table           HEALTHTRACKERUOMXREF
. . exporting table              HEALTHTRACKERXREF
. . exporting table        HEALTHTRACKERXREF_JUN13
. . exporting table            HEALTHTRACKER_JUN13
. . exporting table            HICTHERAPEUTICCLASS
. . exporting table              HIEFACILITYOIDREF
. . exporting table                HIELINKEDMEMBER
. . exporting table              HIELOOKUPMEMBERID
. . exporting table            HIELOOKUPPROVIDERID
. . exporting table             HIEMEMBERSEXCLUDED
. . exporting table            HIEMEMBERSPROCESSED
. . exporting table        HIEMEMBERSPROCESSEDHIST
. . exporting table          HIEMEMBERTYPECDLOOKUP
. . exporting table                HIEPATIENTTRACK
. . exporting table                HIEPCPDOCUMENTS
. . exporting table                    HIEPROVIDER
. . exporting table                 HIE_MERGE_DBUG
. . exporting table           HMSRH_EATON_03102015
. . exporting table    HOADELTAMEMBEREXCEPTIONDTLS
. . exporting table       HOASUPPLIERPROCESSSTATUS
. . exporting table           HRAFORMATMAPPINGXREF
. . exporting table HRAMBRSURVEYRESPONSEHIST_PEBTF
. . exporting table                HRAMEMBERSURVEY
. . exporting table            HRAMEMBERSURVEYHIST
. . exporting table      HRAMEMBERSURVEYHIST_PEBTF
. . exporting table        HRAMEMBERSURVEYHIST_REC
. . exporting table       HRAMEMBERSURVEYHIST_REC1
. . exporting table   HRAMEMBERSURVEYRESPHIST_REC1
. . exporting table        HRAMEMBERSURVEYRESPONSE
. . exporting table    HRAMEMBERSURVEYRESPONSEHIST
. . exporting table  HRAMEMBERSURVEYRESPONSE_PEBTF
. . exporting table HRAMEMBERSURVEYRESPONSHIST_REC
. . exporting table          HRAMEMBERSURVEY_PEBTF
. . exporting table                    HRAQUESTION
. . exporting table          HRAQUESTIONANSWERPAIR
. . exporting table            HRASSQUESTIONFILTER
. . exporting table      IMMUNIZATIONPROCEDUREXREF
. . exporting table                 INGESTTRACKING
. . exporting table          INSURANCEORGANIZATION
. . exporting table   INSURANCEORGSUPPLIERRELATION
. . exporting table                   INVALID_ROWS
. . exporting table       J1GETLABRESULTSFORMEMBER
. . exporting table                J1GETME_EXT_ME1
. . exporting table      J1GETMHSJUSTIFICATIONDATA
. . exporting table         J1SETESBLOGINFORMEMBER
. . exporting table       J1SETPATIENTDEMOGRAPHICS
. . exporting table  J2ETMEDICATIONDETAILFORMEMBER
. . exporting table    J2GETLABRESULTSSUMFORMEMBER
. . exporting table      J2GETMEDICATIONSFORMEMBER
. . exporting table        J2GETMEDICATIONSSUMMARY
. . exporting table           J2GETMEFORMEMBER_ESB
. . exporting table          J2GETPROCEDURESUMMARY
. . exporting table   J2SETHEALTHFEEDBACKFORMEMBER
. . exporting table                   J2UEMEDS_ESB
. . exporting table       J3GETCORDETAILSFORMEMBER
. . exporting table               J3GETDTCMEMBERID
. . exporting table         J3GETHOMEWORKFORMEMBER
. . exporting table    J3GETIMMUNIZATIONSFORMEMBER
. . exporting table  J3GETPROCEDUREDETAILFORMEMBER
. . exporting table           J3SETDTCCONVERSIONID
. . exporting table           J3SETDTCMEMBERSTATUS
. . exporting table               J3SETPHR_HRA_ESB
. . exporting table                     JAAPROGRAM
. . exporting table                    JAAPROGRAM1
. . exporting table                JAAPROGRAM1_ESB
. . exporting table                    JAAPROGRAM2
. . exporting table    JACTUSERPATIENTBATCHREFRESH
. . exporting table       JACTUSERPATIENTRTREFRESH
. . exporting table         JAETNAGETMEMBERIDAUDIT
. . exporting table        JAETNAGETMEMBERIDTRACE3
. . exporting table               JAETNARETURNCODE
. . exporting table                       JALLERGY
. . exporting table                   JALLERGY_ESB
. . exporting table JCALCULATEHEALTHSTATEFORMEMBER
. . exporting table         JCLINICALINGESTPROCESS
. . exporting table                  JCOMADT_DEBUG
. . exporting table               JCOMADT_DEBUG_V2
. . exporting table                 JCOMADT_ERRORS
. . exporting table              JCOMADT_ERRORS_V2
. . exporting table                  JCOMCCD_DEBUG
. . exporting table               JCOMCCD_DEBUG_V2
. . exporting table               JCOMCCD_LOGERROR
. . exporting table            JCOMCCD_LOGERROR_V2
. . exporting table        JCOMENCOUNTERINFO_DEBUG
. . exporting table                 JCOMLABS_DEBUG
. . exporting table              JCOMLABS_DEBUG_V2
. . exporting table                JCOMLABS_ERRORS
. . exporting table             JCOMLABS_ERRORS_V2
. . exporting table          JCOM_ASSESSMENT_DEBUG
. . exporting table         JCOM_ASSESSMENT_ERRORS
. . exporting table                 JCOM_MEDSDEBUG
. . exporting table                JCOM_MEDSERRORS
. . exporting table        JCTGETADTPATIENTDETAILS
. . exporting table           JCTGETADTPATIENTINFO
. . exporting table        JCTGETALLERGYFORPATIENT
. . exporting table   JCTGETBIOMETRICLABFORPATIENT
. . exporting table       JCTGETCARETEAMFORPATIENT
. . exporting table    JCTGETCEPROGRAMHIGHLIGHTING
. . exporting table                 JCTGETCOMMENTS
. . exporting table             JCTGETDECEASEDINFO
. . exporting table        JCTGETDETAILPATIENTINFO
. . exporting table              JCTGETDRCNTFORPRV
. . exporting table           JCTGETDRDETAILFORPRV
. . exporting table      JCTGETENCOUNTERFORPATIENT
. . exporting table  JCTGETGROUPCOACHINGDATAMEMBER
. . exporting table  JCTGETIMMUNIZATIONSFORPATIENT
. . exporting table            JCTGETJUSTIFICATION
. . exporting table    JCTGETMEDICATIONSFORPATIENT
. . exporting table             JCTGETNOTEITEMTEXT
. . exporting table           JCTGETNOTESFORMMEBER
. . exporting table  JCTGETNOTIFICATIONLISTFORACCT
. . exporting table     JCTGETPATIENTCLINICALNOTES
. . exporting table      JCTGETPATIENTOBSERVATIONS
. . exporting table       JCTGETPATIENTPRECERTINFO
. . exporting table      JCTGETPATIENTSFORPROVIDER
. . exporting table       JCTGETPROBLEMSFORPATIENT
. . exporting table     JCTGETPROCEDURESFORPATIENT
. . exporting table       JCTGETPROFILEGETMEMBERID
. . exporting table       JCTGETSUMAMRYPATIENTINFO
. . exporting table               JCTSEARCHORGINFO
. . exporting table               JCTSEARCHPATIENT
. . exporting table          JCTSEARCHPROVIDERINFO
. . exporting table   JCTSETASSOCIATIONFORPATIENTS
. . exporting table      JCTSETENCOUNTERFORPATIENT
. . exporting table      JCTSETEXTENDERASSOCIATION
. . exporting table               JCTSETHSFEEDBACK
. . exporting table       JCTSETNOTIFICATIONSTATUS
. . exporting table     JCTSETPATIENTCLINICALNOTES
. . exporting table          JCTSETPATIENTCOMMENTS
. . exporting table            JCT_SETADHOCPATIENT
. . exporting table             JCT_SETPATIENTINFO
. . exporting table      JCT_TERMINATEADHOCPATIENT
. . exporting table            JDEBUGODSPATIENTTAB
. . exporting table    JDEBUGPATIENTAGGREGATEDEDUG
. . exporting table      JDEBUGPATIENTAGGREGATETAB
. . exporting table                 JDEBUGPROVIDER
. . exporting table            JDEBUGSETCCFEEDBACK
. . exporting table               JDEBUGSETCONSENT
. . exporting table        JDEL_MBRHEALTHSTATEFDBK
. . exporting table    JDEL_MBRHEALTHSTATEFDBKHIST
. . exporting table    JDEL_MBRHEALTHSTATEFDBKXREF
. . exporting table JDEL_MEMBERREPORTEDHEALTHSTATE
. . exporting table         JDEVICEDATA_TEMP_SLEEP
. . exporting table                 JDEVICESUBDATA
. . exporting table           JDIGITALCOACHING_ESB
. . exporting table           JDISABCASEFORMBR_ESB
. . exporting table                     JEMERGENCY
. . exporting table                 JEMERGENCY_ESB
. . exporting table                      JERRORLOG
. . exporting table           JERRORLOG_BK_APR2018
. . exporting table              JERRORLOG_DEC2015
. . exporting table                        JFAMILY
. . exporting table                      JGETAAHRA
. . exporting table         JGETALLERGIESFORMEMBER
. . exporting table      JGETALLINSURANCEFORMEMBER
. . exporting table     JGETALLINSURANCEWITHFILTER
. . exporting table                   JGETALLMECDA
. . exporting table      JGETALTERNATEIDSFORMEMBER
. . exporting table             JGETALTIDFORMEMBER
. . exporting table           JGETASSESSMENTSTATUS
. . exporting table                   JGETCALCDATA
. . exporting table  JGETCAREPROVIDERFORMEMBER_ESB
. . exporting table                   JGETCCDETAIL
. . exporting table                      JGETCLAIM
. . exporting table                   JGETCOCCLAIM
. . exporting table    JGETCOMMUNICATIONSFORMEMBER
. . exporting table        JGETCORDETAILSFORMEMBER
. . exporting table     JGETDASHBOARDDATAFORMEMBER
. . exporting table                 JGETDEVICEDATA
. . exporting table   JGETDIGITALCOACHINGFORMEMBER
. . exporting table  JGETDISABILITYHIGHLIGHTFORMEB
. . exporting table     JGETEXTERNALIDSFOROUTBOUND
. . exporting table                JGETHLTHTRACKER
. . exporting table            JGETHLTHTRACKER_ESB
. . exporting table     JGETHOSPITALVISITFORMEMBER
. . exporting table                        JGETHRA
. . exporting table        JGETHRATOSENDCOMPLETION
. . exporting table             JGETIDSFOROUTBOUND
. . exporting table     JGETIMMUNIZATIONSFORMEMBER
. . exporting table                  JGETINSURANCE
. . exporting table  JGETLABRESULTSSUMFORMEMBERMAH
. . exporting table JGETLABRESULTSSUMMARYFORMEMBER
. . exporting table           JGETMARKERSFORMEMBER
. . exporting table          JGETMARKERSFORMEMBER1
. . exporting table          JGETMARKERSFORMEMBER2
. . exporting table       JGETMEDICATIONSFORMEMBER
. . exporting table         JGETMEDICATIONSSUMMARY
. . exporting table                    JGETMEMBER1
. . exporting table               JGETMEMBERATVHRA
. . exporting table           JGETMEMBERDEPENDENTS
. . exporting table                  JGETMEMBERHRA
. . exporting table               JGETMEMBERSS1HRA
. . exporting table               JGETMEMBERSS2HRA
. . exporting table               JGETMEMBERSSAHRA
. . exporting table                JGETMEMBERSSHRA
. . exporting table               JGETMEMBERSSQHRA
. . exporting table                   JGETMESSSAGE
. . exporting table          JGETMESTATUSFORMEMBER
. . exporting table                 JGETME_EXT_MBR
. . exporting table             JGETME_EXT_MBR_BKP
. . exporting table                 JGETME_EXT_ME1
. . exporting table       JGETMHSJUSTIFICATIONDATA
. . exporting table  JGETMHSJUSTIFICATIONFORMEMBER
. . exporting table JGETMHSJUSTIFICATIONFORMEMBER1
. . exporting table   JGETMONITOREDEVENTSFORMEMBER
. . exporting table  JGETMONITOREDEVENTSFORMEMBER1
. . exporting table            JGETNOTIFICATIONIDS
. . exporting table                  JGETODSUSERID
. . exporting table        JGETORPHANPATIENT_DEBUG
. . exporting table      JGETPATIENTENROLLMENTINFO
. . exporting table                JGETPATIENTINFO
. . exporting table        JGETPHRREGISTRATIONFLAG
. . exporting table          JGETPROBLEMSFORMEMBER
. . exporting table   JGETPROCEDUREDETAILFORMEMBER
. . exporting table           JGETPROCEDURESUMMARY
. . exporting table    JGETPRODUCTMARKERSFORMEMBER
. . exporting table   JGETPRODUCTMARKERSFORMEMBER1
. . exporting table            JGETPROVIDERPROFILE
. . exporting table  JGETPROVIDERSUMMFORMEMBER_ESB
. . exporting table                        JGETSSO
. . exporting table                    JGETSSO_ESB
. . exporting table        JGETTRACKINGPATIENTDATA
. . exporting table      JHIE1_PATIENTIDTRACKERHIE
. . exporting table   JHIECDAOBGETBATCHPATIENTLIST
. . exporting table      JHIECDAOBGETUEPATIENTINFO
. . exporting table              JHIECLININB_DEBUG
. . exporting table           JHIECLININB_LOGERROR
. . exporting table        JHIECLININB_LOGERROREXT
. . exporting table                  JHIEDEBUGPROC
. . exporting table             JHIEGETPATIENTINFO
. . exporting table         JHIEMEMBERREGISTRATION
. . exporting table          JHIEPROVIDER_LOGERROR
. . exporting table            JHIEUEOUTBOUNDDEBUG
. . exporting table                  JHIE_ERRORLOG
. . exporting table      JHIE_ERRORLOG_BK_06292013
. . exporting table      JHIE_ERRORLOG_BK_12142013
. . exporting table       JHIE_ERRORLOG_BK_DEC2014
. . exporting table       JHIE_ERRORLOG_BK_DEC2015
. . exporting table       JHIE_ERRORLOG_BK_DEC2016
. . exporting table       JHIE_ERRORLOG_BK_JUL2017
. . exporting table       JHIE_ERRORLOG_BK_JUN2014
. . exporting table       JHIE_ERRORLOG_BK_JUN2015
. . exporting table       JHIE_ERRORLOG_BK_JUN2016
. . exporting table       JHIE_ERRORLOG_BK_MAR2014
. . exporting table       JHIE_ERRORLOG_BK_MAR2015
. . exporting table       JHIE_ERRORLOG_BK_MAR2016
. . exporting table       JHIE_ERRORLOG_BK_MAR2017
. . exporting table       JHIE_ERRORLOG_BK_MAY2017
. . exporting table       JHIE_ERRORLOG_BK_SEP2014
. . exporting table       JHIE_ERRORLOG_BK_SEP2015
. . exporting table       JHIE_ERRORLOG_BK_SEP2016
. . exporting table        JHIE_GETMEMBERAGGREGATE
. . exporting table        JHIE_GETSOURCEPATIENTID
. . exporting table        JHIE_PATIENTIDDELETEMRN
. . exporting table       JHIE_PATIENTIDTRACKERHIE
. . exporting table                JHIE_SETCONSENT
. . exporting table                          JHLTH
. . exporting table                      JHLTH_ESB
. . exporting table                      JHOMEWORK
. . exporting table                     JHOMEWORK2
. . exporting table                      JHOSPITAL
. . exporting table                  JHOSPITAL_ESB
. . exporting table                        JIMMUN2
. . exporting table                  JIMMUNIZATION
. . exporting table                 JIMMUNIZATION1
. . exporting table                           JLAB
. . exporting table                       JLAB_ESB
. . exporting table           JMAX_MRRID_RT_AND_BT
. . exporting table                    JMEDICATION
. . exporting table                          JMEDS
. . exporting table                      JMEDS_ESB
. . exporting table                      JMEMBERID
. . exporting table                     JMEMBERID1
. . exporting table                     JMEMBERID2
. . exporting table                 JMEMBERID2_BKP
. . exporting table                     JMEMBERID3
. . exporting table                 JMEMBERID3_BKP
. . exporting table                JPATIENTCACHERT
. . exporting table             JPHRLOGINFORMEMBER
. . exporting table                    JPHRPROGRAM
. . exporting table       JPROCESSADMINMEDICATIONS
. . exporting table                 JPROCMODIFIERS
. . exporting table                    JPULLHEADER
. . exporting table                      JREGISTER
. . exporting table                     JREGISTER2
. . exporting table                     JREGISTER3
. . exporting table                   JREPORTEDLAB
. . exporting table                         JRTASH
. . exporting table              JSENDHRATOPARTNER
. . exporting table                      JSETAAHRA
. . exporting table              JSETAAHRARESPONSE
. . exporting table                  JSETAAHRA_ESB
. . exporting table                 JSETCCFEEDBACK
. . exporting table       JSETCDIENROLLMENTTRIGGER
. . exporting table                  JSETCONDITION
. . exporting table           JSETCONSENT_LOGERROR
. . exporting table                JSETDOCMETADATA
. . exporting table    JSETHEALTHFEEDBACKFORMEMBER
. . exporting table          JSETHEALTHSTATEFDBACK
. . exporting table                JSETHLTHTRACKER
. . exporting table                        JSETHRA
. . exporting table                       JSETHRA2
. . exporting table                JSETHRARESPONSE
. . exporting table                 JSETHSFEEDBACK
. . exporting table                      JSETIMMUN
. . exporting table           JSETMESSAGEFORMEMBER
. . exporting table             JSETNOTESFORMEMBER
. . exporting table               JSETNOTMYPATIENT
. . exporting table       JSETPAYLOADDETAILS_DEBUG
. . exporting table             JSETPHRHRARESPONSE
. . exporting table                    JSETPHR_HRA
. . exporting table         JSETPROCEDUREFORMEMBER
. . exporting table        JSETPROCEDUREFORMEMBER1
. . exporting table                   JSETPROVIDER
. . exporting table               JSETPROVIDER_ESB
. . exporting table             JSETRECOMMENDATION
. . exporting table            JSETRECOMMENDATION2
. . exporting table               JSETSOORGIDINODS
. . exporting table                     JSETSSHRA2
. . exporting table                     JSETSSHRA3
. . exporting table              JSETSSHRARESPONSE
. . exporting table                    JSETUEIMMUN
. . exporting table                   JSETUEMARKER
. . exporting table                 JSETUEPROVIDER
. . exporting table             JSETUEPROVIDER_ESB
. . exporting table           JSETUSERMASTERERRLOG
. . exporting table          JTRACKACTCLAIMCHANGES
. . exporting table                        JUECOND
. . exporting table                         JUELAB
. . exporting table                     JUELAB_ESB
. . exporting table                     JUEMBRINFO
. . exporting table                    JUEMBRINFO1
. . exporting table                    JUEMBRINFO2
. . exporting table                  JUEMEDICATION
. . exporting table                        JUEMEDS
. . exporting table                    JUEMEDS_ESB
. . exporting table                        JUEPROC
. . exporting table                    JUEPROC_ESB
. . exporting table            JUPDATEALTERNATEIDS
. . exporting table                   JWELLPROGRAM
. . exporting table                  JWELLREFERRAL
. . exporting table                  J_BANNER_EMPI
. . exporting table              J_BANNER_EMPI_BKP
. . exporting table             J_BANNER_LOCAL_MRN
. . exporting table         J_BANNER_LOCAL_MRN_BKP
. . exporting table                 J_BANNER_PAYER
. . exporting table             J_BANNER_PAYER_BKP
. . exporting table         J_GETBATCHMEMBERPLANID
. . exporting table     J_GETBATCHMEMBERPLANID_ESB
. . exporting table            LABEXCLUSIONELEMENT
. . exporting table                LCTIMELOGICRULE
. . exporting table                    LETTERQUEUE
. . exporting table             LETTERSTANDARDTEXT
. . exporting table                     LOADPCPPRC
. . exporting table                     LOGESBLOAD
. . exporting table            LOGESBLOAD_12142013
. . exporting table             LOGESBLOAD_DEC2014
. . exporting table             LOGESBLOAD_DEC2015
. . exporting table             LOGESBLOAD_DEC2016
. . exporting table             LOGESBLOAD_JUL2017
. . exporting table             LOGESBLOAD_JUN2014
. . exporting table             LOGESBLOAD_JUN2015
. . exporting table             LOGESBLOAD_JUN2016
. . exporting table             LOGESBLOAD_MAR2014
. . exporting table             LOGESBLOAD_MAR2015
. . exporting table             LOGESBLOAD_MAR2016
. . exporting table             LOGESBLOAD_MAR2017
. . exporting table             LOGESBLOAD_MAY2017
. . exporting table             LOGESBLOAD_SEP2014
. . exporting table             LOGESBLOAD_SEP2015
. . exporting table             LOGESBLOAD_SEP2016
. . exporting table        LOGSUPPLIERSETUPPROCESS
. . exporting table                          LOINC
. . exporting table                 LOINCCOMPONENT
EXP-00111: Table MARKERFACT_PULL resides in an Encrypted Tablespace SEC_ODS_DATA and will not be exported
. . exporting table         MASTERCAREPROVIDERXREF
. . exporting table                     MASTERCODE
. . exporting table                    MASTERGROUP
. . exporting table           MASTERPATIENTCATALOG
. . exporting table       MASTERPATIENTCATALOGHASH
. . exporting table        MASTERPATIENTMATCHRULES
. . exporting table     MASTERSUPPLIERORGANIZATION
. . exporting table MASTERSUPPLIERSUPPLIERRELATION
. . exporting table           MBRHLTHTRACKER_PEBTF
. . exporting table     MBRREPORTEDLABRESULT_PEBTF
EXP-00111: Table MEDICALCASE resides in an Encrypted Tablespace SEC_ODS_DATA and will not be exported
. . exporting table   MEDICALCASEADVERSEEVENTCLAIM
. . exporting table MEDICALCASEADVERSEEVNTCLAIM_Q3
EXP-00113: Feature New Composite Partitioning Method is unsupported. Table ODS.MEDICALCASEADVERSEEVTCLAIMHIST could not be exported
. . exporting table         MEDICALCASEAFFILIATION
EXP-00113: Feature New Composite Partitioning Method is unsupported. Table ODS.MEDICALCASEAFFILIATIONHIST could not be exported
. . exporting table      MEDICALCASEAFFILIATION_Q3
EXP-00111: Table MEDICALCASECLAIM resides in an Encrypted Tablespace SEC_ODS_DATA and will not be exported
EXP-00113: Feature New Composite Partitioning Method is unsupported. Table ODS.MEDICALCASECLAIMHIST could not be exported
. . exporting table            MEDICALCASECLAIM_Q3
EXP-00113: Feature New Composite Partitioning Method is unsupported. Table ODS.MEDICALCASEHIST could not be exported
. . exporting table                 MEDICALCASE_Q3
. . exporting table               MEDICALDIAGNOSIS
. . exporting table               MEDICALPROCEDURE
. . exporting table                 MEDICALREVENUE
EXP-00111: Table MEMBER resides in an Encrypted Tablespace SEC_ODS_DATA and will not be exported
. . exporting table                 MEMBERACTIVITY
. . exporting table              MEMBERAGGREGATION
. . exporting table          MEMBERAGGREGATIONHIST
. . exporting table               MEMBERCHATDETAIL
. . exporting table              MEMBERCHATSUMMARY
. . exporting table          MEMBERCOACHINGSESSION
EXP-00111: Table MEMBERCOVERAGE resides in an Encrypted Tablespace SEC_ODS_DATA and will not be exported
EXP-00113: Feature New Composite Partitioning Method is unsupported. Table ODS.MEMBERCOVERAGEHIST could not be exported
. . exporting table       MEMBERDEVICEREGISTRATION
. . exporting table          MEMBERDIGITALCOACHING
. . exporting table    MEMBERDIGITALCOACHINGDETAIL
EXP-00111: Table MEMBERELIGIBILITY resides in an Encrypted Tablespace SEC_DATA_32K and will not be exported
EXP-00111: Table MEMBEREMERGENCYDETAIL resides in an Encrypted Tablespace SEC_ODS_DATA and will not be exported
. . exporting table                   MEMBEREVENTS
. . exporting table               MEMBEREVENTSHIST
. . exporting table               MEMBEREVENTTRACK
. . exporting table      MEMBEREVENTTRACK_BKP92315
EXP-00111: Table MEMBEREXTENDEDFAMILY resides in an Encrypted Tablespace SEC_ODS_DATA and will not be exported
EXP-00111: Table MEMBEREXTENDEDRELATION resides in an Encrypted Tablespace SEC_ODS_DATA and will not be exported
EXP-00111: Table MEMBEREXTRACTINCLUSION resides in an Encrypted Tablespace SEC_ODS_DATA and will not be exported
. . exporting table    MEMBERHEALTHSTATECOMMSTATUS
. . exporting table          MEMBERHEALTHSTATEFACT
. . exporting table      MEMBERHEALTHSTATEFACT_TMP
. . exporting table        MEMBERHEALTHSTATESNOOZE
. . exporting table        MEMBERHEALTHSTATE_PEBTF
EXP-00111: Table MEMBERHEALTHTRACKER resides in an Encrypted Tablespace SEC_ODS_DATA and will not be exported
. . exporting table      MEMBERHEALTHTRACKER_JUN13
. . exporting table      MEMBERHEALTHTRACKER_JUN14
. . exporting table                 MEMBERHOMEWORK
. . exporting table             MEMBERHOMEWORK_215
EXP-00111: Table MEMBERINSURANCE resides in an Encrypted Tablespace SEC_ODS_DATA and will not be exported
. . exporting table        MEMBERINSURANCECOVERAGE
. . exporting table             MEMBERLOGINHISTORY
. . exporting table           MEMBERMEMBERRELATION
. . exporting table            MEMBERMESSAGEDETAIL
. . exporting table           MEMBERMESSAGESUBJECT
. . exporting table       MEMBERMIGRATIONEXCEPTION
. . exporting table            MEMBERMIGRATIONHIST
EXP-00111: Table MEMBEROPTOUTHIST resides in an Encrypted Tablespace SEC_ODS_DATA and will not be exported
. . exporting table      MEMBERPCPRELATIONSHIPHIST
. . exporting table           MEMBERPLANENROLLMENT
. . exporting table          MEMBERPOPULATIONFOCUS
. . exporting table         MEMBERPRODUCTEXCLUSION
. . exporting table     MEMBERPRODUCTEXCLUSIONHIST
. . exporting table          MEMBERPROGRAMACTIVITY
. . exporting table          MEMBERPROGRAMCOACHING
. . exporting table       MEMBERPROGRAMDISCUSSIONS
. . exporting table   MEMBERPROGRAMDISCUSSIONTOPIC
. . exporting table     MEMBERPROGRAMPARTICIPATION
. . exporting table     MEMBERPROVIDERRELATIONSHIP
. . exporting table MEMBERPROVIDERRELATIONSHIPEXTN
. . exporting table MEMBERPROVRELATIONSHIPHIST_OLD
. . exporting table   MEMBERRECOMMENDATIONFEEDBACK
. . exporting table       MEMBERRECOMMENDDIAGNOSIS
. . exporting table            MEMBERRECOMMENDDRUG
. . exporting table         MEMBERRECOMMENDHMTDRUG
. . exporting table         MEMBERRECOMMENDHMTUTIL
. . exporting table       MEMBERRECOMMENDLABRESULT
. . exporting table       MEMBERRECOMMENDPROCEDURE
. . exporting table        MEMBERRECOMMENDPROVIDER
. . exporting table     MEMBERRECOMMENDRTRUNRESULT
. . exporting table             MEMBERRECOMMENDRUN
. . exporting table       MEMBERRECOMMENDRUNRESULT
. . exporting table        MEMBERRECOMMENDUTILDRUG
. . exporting table     MEMBERRECOMMENDUTILIZATION
. . exporting table             MEMBERREGISTRATION
EXP-00111: Table MEMBERREPORTEDADDRESS resides in an Encrypted Tablespace SEC_ODS_DATA and will not be exported
EXP-00111: Table MEMBERREPORTEDALLERGIES resides in an Encrypted Tablespace SEC_ODS_DATA and will not be exported
. . exporting table        MEMBERREPORTEDCONDITION
EXP-00113: Feature New Composite Partitioning Method is unsupported. Table ODS.MEMBERREPORTEDDEVHLTHTRACKER could not be exported
. . exporting table  MEMBERREPORTEDDEVSUBSCRIPTION
EXP-00111: Table MEMBERREPORTEDDRUGUSAGE resides in an Encrypted Tablespace SEC_ODS_DATA and will not be exported
EXP-00111: Table MEMBERREPORTEDEMAILADDRESS resides in an Encrypted Tablespace SEC_ODS_DATA and will not be exported
EXP-00111: Table MEMBERREPORTEDHOSPITALIZATION resides in an Encrypted Tablespace SEC_ODS_DATA and will not be exported
EXP-00111: Table MEMBERREPORTEDIMMUNIZATION resides in an Encrypted Tablespace SEC_ODS_DATA and will not be exported
EXP-00111: Table MEMBERREPORTEDLABRESULT resides in an Encrypted Tablespace SEC_ODS_DATA and will not be exported
. . exporting table          MEMBERREPORTEDMEASURE
EXP-00111: Table MEMBERREPORTEDPHONEFAX resides in an Encrypted Tablespace SEC_ODS_DATA and will not be exported
EXP-00111: Table MEMBERREPORTEDPROCEDURE resides in an Encrypted Tablespace SEC_ODS_DATA and will not be exported
. . exporting table         MEMBERREPORTEDPROVIDER
. . exporting table         MEMBERREPORTEDREACTION
. . exporting table  MEMBERREPORTEDSUBSCRIPTIONDTL
. . exporting table           MEMBERREPORTINGGROUP
. . exporting table                  MEMBERSETTING
. . exporting table              MEMBERSETTINGHIST
. . exporting table                 MEMBERTRACKING
. . exporting table                     MEMBERTYPE
EXP-00113: Feature New Composite Partitioning Method is unsupported. Table ODS.MEMBERUNLINKTRACK could not be exported
EXP-00111: Table MEMBERXREF resides in an Encrypted Tablespace SYSTEM and will not be exported
EXP-00111: Table MEMBERXREFHIST resides in an Encrypted Tablespace SEC_ODS_DATA and will not be exported
EXP-00111: Table MEMBER_PURGE resides in an Encrypted Tablespace SEC_ODS_DATA and will not be exported
. . exporting table           MESSAGEPROGRAMMARKER
. . exporting table                   MESSAGETOPIC
. . exporting table            MESSAGETOPICPROGRAM
. . exporting table               MISSING_COMMDATA
. . exporting table           MISSING_COMMDATA_NEW
EXP-00111: Table MONTHYREFRESHFORWEBLINK resides in an Encrypted Tablespace SEC_ODS_DATA and will not be exported
. . exporting table                   MPRACCTIDLOG
. . exporting table               MPRINCIDENTTRACK
. . exporting table           MPRINCIDENTTRACK_OLD
. . exporting table                   MT_DML_ICD10
. . exporting table             MT_J1GETME_EXT_ME1
. . exporting table             MT_J1GETME_EXT_ME2
. . exporting table         MT_J1GETME_EXT_ME2_BKP
. . exporting table        MT_JMAX_MRRID_RT_AND_BT
. . exporting table       MT_JMAX_MRRID_RT_AND_BT1
. . exporting table   MT_JMAX_MRRID_RT_AND_BT1_BKP
. . exporting table    MT_MEMBERAGGREGATION_BANNER
. . exporting table           MT_MEMBERMOVE_BANNER
. . exporting table                MT_PARTYADDRESS
. . exporting table           MT_PARTYEMAILADDRESS
. . exporting table               MT_PARTYPHONEFAX
. . exporting table                 MVDRUGLISTXREF
. . exporting table        MVELEMENTBUILDERREFDATA
. . exporting table               MVMASTERSUPPLIER
. . exporting table       MVPHRPRODUCTSUBSCRIPTION
. . exporting table                     MVSUPPLIER
. . exporting table      MVW_MEMBERHEALTHSTATEFACT
. . exporting table        MVW_MHSASSIGNEDPROVIDER
. . exporting table                 MVW_PERSONFACT
. . exporting table               MV_CMMEMBERLOGIN
. . exporting table         MV_REFDATAFORPHRCLAIMS
. . exporting table   NOTINUSE_HIEMEMBERSPROCESSED
. . exporting table                    ODSERRORLOG
. . exporting table                ODSTRACKINGXREF
. . exporting table                 ODS_EMAIL_LIST
. . exporting table                    OIDREGISTRY
. . exporting table                  OLD_PERSONEXT
. . exporting table                            ORG
. . exporting table                 ORGASSOCIATION
. . exporting table      ORGPERSONRELATIONTYPEDTLS
. . exporting table                  ORGPERSONXREF
. . exporting table                ORGSTRUCTUREDEF
. . exporting table            PARTICIPATIONSTATUS
. . exporting table      PARTICIPATIONSTATUSREASON
. . exporting table              PARTITIONED_TABLE
. . exporting table                          PARTY
EXP-00111: Table PARTYADDRESS resides in an Encrypted Tablespace SEC_ODS_DATA and will not be exported
. . exporting table                 PARTYADDRESS00
EXP-00111: Table PARTYEMAILADDRESS resides in an Encrypted Tablespace SEC_ODS_DATA and will not be exported
. . exporting table                  PARTYPARTYREL
EXP-00111: Table PARTYPHONEFAX resides in an Encrypted Tablespace SEC_ODS_DATA and will not be exported
EXP-00111: Table PATIENTACCIDENT resides in an Encrypted Tablespace SEC_ODS_DATA and will not be exported
EXP-00111: Table PATIENTADVANCEDIRECTIVE resides in an Encrypted Tablespace SEC_ODS_DATA and will not be exported
. . exporting table    PATIENTALFRESCOREPORTUPDATE
EXP-00111: Table PATIENTALLERGYINTERIMHIE resides in an Encrypted Tablespace SEC_ODS_DATA and will not be exported
EXP-00111: Table PATIENTCLAIMHEADER resides in an Encrypted Tablespace SEC_ODS_DATA and will not be exported
. . exporting table            PATIENTCLINICALNOTE
. . exporting table     PATIENTCLINICALNOTEPACKAGE
EXP-00111: Table PATIENTCONSENTDIRECTIVEHIE resides in an Encrypted Tablespace SEC_ODS_DATA and will not be exported
. . exporting table   PATIENTCONSENTPRIVACYRULEHIE
. . exporting table    PATIENTDIAGNOSTICRELATEDGRP
. . exporting table                PATIENTDOCUMENT
EXP-00111: Table PATIENTDRUGPRESCRIPTION resides in an Encrypted Tablespace SYSTEM and will not be exported
EXP-00111: Table PATIENTDRUGPRESCRIPTIONSUMMARY resides in an Encrypted Tablespace SEC_DATA_32K and will not be exported
. . exporting table     PATIENTEMRDOCUMENTEXCHANGE
EXP-00111: Table PATIENTENCOUNTERDETAIL resides in an Encrypted Tablespace SEC_ODS_DATA and will not be exported
. . exporting table      PATIENTENCOUNTERGUARANTOR
EXP-00111: Table PATIENTENCOUNTERHIST resides in an Encrypted Tablespace SEC_ODS_DATA and will not be exported
EXP-00111: Table PATIENTENCOUNTERINSURANCE resides in an Encrypted Tablespace SEC_ODS_DATA and will not be exported
EXP-00111: Table PATIENTENCOUNTERINTERIMHIE resides in an Encrypted Tablespace SEC_ODS_DATA and will not be exported
EXP-00111: Table PATIENTFAMILYHISTORY resides in an Encrypted Tablespace SEC_ODS_DATA and will not be exported
. . exporting table         PATIENTIDENTITYTRACKER
. . exporting table PATIENTIDENTITYTRACKER_DEC2015
. . exporting table               PATIENTINSURANCE
. . exporting table           PATIENTINSURANCEHIST
EXP-00111: Table PATIENTLABRESULT resides in an Encrypted Tablespace SYSTEM and will not be exported
. . exporting table         PATIENTLABRESULT_PEBTF
. . exporting table         PATIENTMATCHEDRULESLOG
EXP-00111: Table PATIENTMEDICALCODESUMMARY resides in an Encrypted Tablespace SEC_ODS_DATA and will not be exported
EXP-00111: Table PATIENTMEDICALDIAGNOSIS resides in an Encrypted Tablespace SYSTEM and will not be exported
EXP-00111: Table PATIENTMEDICALPROCEDURE resides in an Encrypted Tablespace SYSTEM and will not be exported
EXP-00111: Table PATIENTMEDICALPROCEDURESUMMARY resides in an Encrypted Tablespace SEC_ODS_DATA and will not be exported
EXP-00111: Table PATIENTMEDSUPPLYINTERIMHIE resides in an Encrypted Tablespace SEC_ODS_DATA and will not be exported
. . exporting table               PATIENTNICKNAMES
EXP-00111: Table PATIENTOBSERVATION resides in an Encrypted Tablespace SEC_ODS_DATA and will not be exported
EXP-00111: Table PATIENTOBSERVATIONDETAIL resides in an Encrypted Tablespace SEC_ODS_DATA and will not be exported
EXP-00111: Table PATIENTORDER resides in an Encrypted Tablespace SEC_ODS_DATA and will not be exported
. . exporting table     PATIENTORGANIZERINTERIMHIE
EXP-00111: Table PATIENTPREAUTHCASE resides in an Encrypted Tablespace SEC_ODS_DATA and will not be exported
EXP-00111: Table PATIENTPREAUTHCASEHIST resides in an Encrypted Tablespace SEC_ODS_DATA and will not be exported
EXP-00111: Table PATIENTPREAUTHNOTIFICATION resides in an Encrypted Tablespace SEC_ODS_DATA and will not be exported
EXP-00111: Table PATIENTPROBLEMINTERIMHIE resides in an Encrypted Tablespace SEC_ODS_DATA and will not be exported
EXP-00111: Table PATIENTPROCEDUREINTERIMHIE resides in an Encrypted Tablespace SEC_ODS_DATA and will not be exported
. . exporting table                  PATIENTREPORT
EXP-00111: Table PATIENTRESULTINTERIMHIE resides in an Encrypted Tablespace SEC_ODS_DATA and will not be exported
EXP-00111: Table PATIENTSPECIMEN resides in an Encrypted Tablespace SEC_ODS_DATA and will not be exported
EXP-00111: Table PATIENTSUBSTADMININTERIMHIE resides in an Encrypted Tablespace SEC_ODS_DATA and will not be exported
EXP-00111: Table PATIENTTRACK resides in an Encrypted Tablespace SEC_ODS_DATA and will not be exported
. . exporting table PATPROBSUBSADMININTERIMXREFHIE
. . exporting table          PAYERAGGREGATION_DBUG
. . exporting table      PAYERAGGREGATION_ERRORLOG
. . exporting table  PAYERMEMBERAGGREGATIONPROCESS
. . exporting table               PAYERTERMPROCESS
. . exporting table       PAYERTERMPROCESS_APR2018
. . exporting table       PAYERTERMPROCESS_DEC2014
. . exporting table       PAYERTERMPROCESS_DEC2015
. . exporting table       PAYERTERMPROCESS_DEC2016
. . exporting table       PAYERTERMPROCESS_JUL2017
. . exporting table      PAYERTERMPROCESS_JUNE2016
. . exporting table       PAYERTERMPROCESS_MAR2015
. . exporting table       PAYERTERMPROCESS_MAR2016
. . exporting table       PAYERTERMPROCESS_MAR2017
. . exporting table       PAYERTERMPROCESS_MAY2017
. . exporting table       PAYERTERMPROCESS_SEP2015
. . exporting table       PAYERTERMPROCESS_SEP2016
. . exporting table                 PAYLOADDETAILS
EXP-00111: Table PERSON resides in an Encrypted Tablespace SEC_ODS_DATA and will not be exported
. . exporting table              PERSONAGGREGATION
EXP-00113: Feature New Composite Partitioning Method is unsupported. Table ODS.PERSONAGGREGATIONPROCESS could not be exported
. . exporting table     PERSONAGGSUPPLIEREXCLUSION
EXP-00111: Table PERSONEXT resides in an Encrypted Tablespace SEC_ODS_DATA and will not be exported
EXP-00111: Table PERSONFACT resides in an Encrypted Tablespace SYSTEM and will not be exported
EXP-00111: Table PERSONFACT_REFRESH resides in an Encrypted Tablespace SEC_ODS_DATA and will not be exported
EXP-00111: Table PERSONHIST resides in an Encrypted Tablespace SEC_ODS_DATA and will not be exported
. . exporting table                 PERSONLANGUAGE
EXP-00111: Table PERSONXREF resides in an Encrypted Tablespace SEC_ODS_DATA and will not be exported
. . exporting table                      PHONE_FAX
. . exporting table                 PHONE_FAX_PREV
. . exporting table                    PLANSPONSOR
. . exporting table                     PLAN_TABLE
. . exporting table          PLR_401_LOINC_JAN_MAR
. . exporting table                POPULATIONFOCUS
EXP-00111: Table PRECERTINSURANCECASE resides in an Encrypted Tablespace SEC_ODS_DATA and will not be exported
EXP-00111: Table PRECERTINSURANCECASEEXT resides in an Encrypted Tablespace SEC_ODS_DATA and will not be exported
EXP-00111: Table PRECERTMEDICALDIAGNOSIS resides in an Encrypted Tablespace SEC_ODS_DATA and will not be exported
. . exporting table     PRECERTMEDICALDIAGNOSISEXT
EXP-00111: Table PRECERTMEDICALPROCEDURE resides in an Encrypted Tablespace SEC_ODS_DATA and will not be exported
. . exporting table     PRECERTMEDICALPROCEDUREEXT
. . exporting table         PREDMDL_MISSINGCOLUMNS
. . exporting table          PREDMDL_UNQMBRSHIPREP
. . exporting table                PREFERENCECODES
. . exporting table                PREFERENCEGROUP
. . exporting table              PREFERENCESETTING
. . exporting table     PREFERENCESETTINGATTRIBUTE
. . exporting table                        PRODUCT
. . exporting table              PRODUCTDATASOURCE
. . exporting table                  PRODUCTFAMILY
. . exporting table                 PRODUCTMESSAGE
. . exporting table                   PRODUCTOWNER
. . exporting table           PROGRAMQUALIFICATION
. . exporting table       PROGRAMSUPPRESSIONERRLOG
. . exporting table      PROGRAMSUPPRESSIONPROCESS
. . exporting table                    PROGRAMTYPE
. . exporting table        PROJECTSUPPLIERRELATION
. . exporting table                   PROJECTTRACK
. . exporting table    PROVIDERCLEANUPPROJECTTRACK
. . exporting table       PROVIDEREXTRACTINCLUSION
. . exporting table   PROVIDEREXTRACTINCLUSIONHIST
. . exporting table           PROVIDERFEEDBACKXREF
. . exporting table             PROVIDERNAMEFILTER
. . exporting table       PROVIDERONLINEFEEDBKLKUP
. . exporting table              PROVIDERSPECIALTY
. . exporting table            PROVORGADJUNCTSTAFF
. . exporting table         PROVORGSTAFFMASTERXREF
. . exporting table             PSAAHDIEXTRACTFILE
. . exporting table               PSAEXCLUSIONLIST
. . exporting table                PURCHASEDREPORT
. . exporting table        PURCHASEDREPORTCATEGORY
. . exporting table                  PURGEERRORLOG
. . exporting table              RB_RECOMMENDATION
. . exporting table       REALTIMESYSTEMFAILURELOG
. . exporting table                          RECO1
. . exporting table                 RECOMMENDATION
. . exporting table      RECOMMENDATIONPROGRAMTYPE
. . exporting table             RECOMMENDATIONTEXT
. . exporting table                 RECONCILIATION
. . exporting table        REFCAREPROVIDERTAXONOMY
. . exporting table             REFCOACHINGSESSION
. . exporting table        REFCODEREFERENCECONTROL
. . exporting table             REFCODESETREGISTRY
. . exporting table                   REFCODEUSAGE
. . exporting table                     REFCOUNTRY
. . exporting table            REFDATASERVICEERROR
. . exporting table                REFELEMENTCLASS
. . exporting table                      REFERENCE
. . exporting table                   REFERENCETAB
. . exporting table              REFERRALCELINKAGE
. . exporting table                REFERRRALREASON
. . exporting table                REFEXTENDEDCODE
. . exporting table               REFFULFILLCENTER
. . exporting table                    REFHOMEWORK
. . exporting table              REFHOMEWORKSTATUS
. . exporting table           REFINSURANCECASETYPE
. . exporting table                    REFLANGUAGE
. . exporting table                    REFMODIFIER
. . exporting table            REFRACEEXTENDEDCODE
. . exporting table       REFSECTIONELEMENTMAPPING
. . exporting table          REFSECTIONTYPEXREFHIE
. . exporting table           REFSERVICEFILTERLKUP
. . exporting table                         REFSTP
. . exporting table          REFSUBSTADMINCRITERIA
. . exporting table                    REFUSERROLE
. . exporting table                 RELEASEVERSION
. . exporting table                     REPORTFREQ
. . exporting table                 REPORTINGLEVEL
. . exporting table                 RXNORMDRUGLIST
. . exporting table                  RXNORMNDCXREF
. . exporting table                SEGMENTATIONJOB
. . exporting table          SEGMENTATIONJOBDETAIL
. . exporting table           SEGMENTSIZE_TRACKING
. . exporting table   SELECTIONCONSENTCONDITIONHIE
. . exporting table                SERVICEERRORLOG
. . exporting table                       SNOMEDCT
. . exporting table                 SNOMEDTAXONOMY
. . exporting table          STANDARDCONSENTPOLICY
. . exporting table                      STATUSLKP
. . exporting table                STATUSREASONLKP
. . exporting table          STATUSREASONTRANSFORM
. . exporting table                STATUSTRANSFORM
. . exporting table                  STGCHATDETAIL
. . exporting table                  STGCHATHEADER
. . exporting table     STGHOAMEMBERDTLFORSUPPLIER
. . exporting table       STGHOAMEMBERSFORSUPPLIER
. . exporting table       STG_ACCOUNTCONFIGUARTION
. . exporting table            STG_SUPPLIERCONTROL
. . exporting table    STG_SUPPLIERCONTROLBPLVXREF
. . exporting table    STG_TMP_WINNERPCP_SUPPLIERS
. . exporting table           STG_USERPROVIDERXREF
. . exporting table        STG_USERPROVIDERXREF_RT
. . exporting table                  SUPPLIERBATCH
. . exporting table            SUPPLIERERRORDETAIL
. . exporting table           SUPPLIERERRORSUMMARY
. . exporting table                SUPPLIEREXTRACT
. . exporting table             SUPPLIERMANAGEMENT
. . exporting table               SUPPLIERMOSPXREF
. . exporting table           SUPPLIERORGANIZATION
. . exporting table SUPPLIERPLANSPONSRRELATIONSHI0
. . exporting table SUPPLIERPLANSPONSRRELATIONSHIP
. . exporting table      SUPPLIERPRODUCTAUTOCONFIG
. . exporting table     SUPPLIERPRODUCTFULFILLMENT
. . exporting table        SUPPLIERPRODUCTRELATION
. . exporting table   SUPPLIERPRODUCTRELATION_1227
. . exporting table        SUPPLIERPRODUCTSETTINGS
. . exporting table        SUPPLIERPROGRAMRELATION
. . exporting table   SUPPLIERPROGRAMRELATION_1227
. . exporting table     SUPPLIERRECOMMENDATIONTEXT
. . exporting table         SUPPLIERREPORTINGGROUP
. . exporting table                SUPPLIER_COUNTS
. . exporting table              SUPPLIER_FEEDBACK
. . exporting table                 SURVEYTEMPLATE
. . exporting table                  TEMPDEBUGPROC
. . exporting table     TEMP_CEMEMBERPROCESSSTATUS
. . exporting table          TEMP_FINANCEREPORTTAB
. . exporting table          TEMP_PURCHASEDPRODUCT
. . exporting table               TEMP_UE_IMMU_STG
. . exporting table                TEMP_UE_MED_STG
. . exporting table                          TEST1
. . exporting table               THERAPEUTICCLASS
. . exporting table                   TK_TABLE_LOG
. . exporting table         TMPSUPPLIERCONSENTINFO
. . exporting table  TMPSUPPLIERCONSENTINFO_BACKUP
. . exporting table     TMPSUPPLIERCONSENTINFO_BKP
. . exporting table                TMP_ACTACCOUNTS
. . exporting table          TMP_BANNER_MEMBERLIST
. . exporting table             TMP_BONSECOURS_ORG
. . exporting table              TMP_CCDA_OUTBOUND
. . exporting table       TMP_CCDA_OUTBOUND_OUTPUT
. . exporting table            TMP_DQR_CLAIMS_DATA
. . exporting table     TMP_DQR_CLINICALDATA_BATCH
. . exporting table    TMP_DQR_CLIN_PRACTICE_BATCH
. . exporting table    TMP_DQR_CLIN_PRACTICE_TOTAL
. . exporting table             TMP_DQR_MEMBERLIST
. . exporting table    TMP_DQR_MEMBERSHIP_OVERVIEW
. . exporting table    TMP_DQR_MEMBER_CLINICALDATA
. . exporting table          TMP_DQR_VOLUME_REPORT
. . exporting table                TMP_DUPES_CEMPS
. . exporting table     TMP_ENCOUNTERDETAIL_RC_UPD
. . exporting table           TMP_EVENTTYPE_UPDATE
. . exporting table                 TMP_EVENT_TYPE
. . exporting table        TMP_GUARANTOR_MIGR_RECS
. . exporting table          TMP_HE_WINNERMEMBERID
. . exporting table            TMP_LOCAL_PROVIDERS
. . exporting table    TMP_MARCHMIGRATION_ERRORLOG
. . exporting table     TMP_MARCHMIGRATION_PROCESS
. . exporting table                   TMP_MDMUSERS
. . exporting table        TMP_MEDICATION_FIX_RECS
. . exporting table         TMP_MEMBERXREF_US39792
. . exporting table             TMP_MEMBR_COVERAGE
. . exporting table           TMP_MPR_TOVOID_45757
. . exporting table        TMP_NOTESMIGRATIONERROR
. . exporting table      TMP_NOTESMIGRATIONMAPPING
. . exporting table              TMP_PCPMEMBERLIST
. . exporting table             TMP_PCPMEMBERLIST1
. . exporting table               TMP_PROCCODES_BK
. . exporting table                TMP_PROVORGRECS
. . exporting table                 TMP_TERMED_AGG
. . exporting table       TMP_WINNERPCPMIG_MBRLIST
. . exporting table       TMP_WINNERPCPMIG_PRVLIST
. . exporting table                TOAD_PLAN_TABLE
. . exporting table                     TRACKPHASE
. . exporting table                      TRACKTYPE
. . exporting table                      UATMEMBER
. . exporting table                  UNITOFMEASURE
EXP-00113: Feature New Composite Partitioning Method is unsupported. Table ODS.UNITTESTACTIVITYLOG could not be exported
. . exporting table                   USEREMPLOYER
. . exporting table                       USERFACT
. . exporting table           USERFACT_REFRESH_TMP
. . exporting table             USERPATIENTTRACKER
. . exporting table      USERPATIENTTRACKER_ERRLOG
. . exporting table               USERPROVIDERXREF
. . exporting table                     USZIPCODES
. . exporting table                    UTILIZATION
. . exporting table              UTILIZATIONGROUPS
. . exporting table                  VBF_AETNA_STG
. . exporting table                      VOIDCLAIM
. . exporting table              VWUSERMASTERG_TMP
. . exporting table           WEBSERVICEPROCESSLOG
. . exporting table            WELLNESS_ETLTRIGGER
EXP-00111: Table XREFTYPE resides in an Encrypted Tablespace SEC_ODS_DATA and will not be exported
. . exporting table                    ZDEL_278906
. . exporting table        ZDEL_CEMEMBERSPROCESSED
. . exporting table             ZDEL_CERUNSUPPLIER
. . exporting table             ZDEL_CSIDCONDITION
. . exporting table     ZDEL_CSIDCONDITIONCATEGORY
. . exporting table       ZDEL_ELEMENTCATEGORYXREF
. . exporting table               ZDEL_FINAL_QUERY
. . exporting table              ZDEL_FINAL_QUERY1
. . exporting table            ZDEL_MEMBERXREF_BKP
. . exporting table  ZMEMBERREPORTEDDEVHLTHTRACKER
. exporting synonyms
. exporting views
. exporting stored procedures
. exporting operators
. exporting referential integrity constraints
. exporting triggers
. exporting indextypes
. exporting bitmap, functional and extensible indexes
. exporting posttables actions
. exporting materialized views
. exporting snapshot logs
. exporting job queues
. exporting refresh groups and children
. exporting dimensions
. exporting post-schema procedural objects and actions
. exporting statistics
Export terminated successfully with warnings.
