
SQL*Plus: Release 11.2.0.1.0 Production on Thu Jun 27 17:50:54 2019

Copyright (c) 1982, 2009, Oracle.  All rights reserved.


Connected to:
Oracle Database 11g Enterprise Edition Release 11.2.0.1.0 - 64bit Production
With the Partitioning, OLAP, Data Mining and Real Application Testing options

SQL> 
SQL> ALTER USER system QUOTA UNLIMITED ON USERS;

User altered.

SQL> GRANT UNLIMITED TABLESPACE TO system;

Grant succeeded.

SQL> 
SQL> CREATE USER INCV IDENTIFIED BY INCV;

User created.

SQL> GRANT CREATE SESSION, CREATE ANY TABLE, CREATE ANY INDEX, CREATE ANY SEQUENCE, CREATE ANY VIEW, RESOURCE, DBA TO INCV;

Grant succeeded.

SQL> GRANT UNLIMITED TABLESPACE TO INCV;

Grant succeeded.

SQL> 
SQL> CREATE USER INCV_APP IDENTIFIED BY INCV_APP;

User created.

SQL> GRANT CREATE SESSION, CREATE ANY TABLE, CREATE ANY INDEX, CREATE ANY SEQUENCE, CREATE ANY VIEW, RESOURCE, DBA TO INCV_APP;

Grant succeeded.

SQL> GRANT UNLIMITED TABLESPACE TO INCV_APP;

Grant succeeded.

SQL> 
SQL> CREATE USER INCV_DEV IDENTIFIED BY INCV_DEV;

User created.

SQL> GRANT CREATE SESSION, CREATE ANY TABLE, CREATE ANY INDEX, CREATE ANY SEQUENCE, CREATE ANY VIEW, RESOURCE, DBA TO INCV_DEV;

Grant succeeded.

SQL> GRANT UNLIMITED TABLESPACE TO INCV_DEV;

Grant succeeded.

SQL> 
SQL> CREATE USER INCV_DML IDENTIFIED BY INCV_DML;

User created.

SQL> GRANT CREATE SESSION, CREATE ANY TABLE, CREATE ANY INDEX, CREATE ANY SEQUENCE, CREATE ANY VIEW, RESOURCE, DBA TO INCV_DML;

Grant succeeded.

SQL> GRANT UNLIMITED TABLESPACE TO INCV_DML;

Grant succeeded.

SQL> 
SQL> CREATE USER INCV_READ IDENTIFIED BY INCV_READ;

User created.

SQL> GRANT CREATE SESSION, CREATE ANY TABLE, CREATE ANY INDEX, CREATE ANY SEQUENCE, CREATE ANY VIEW, RESOURCE, DBA TO INCV_READ;

Grant succeeded.

SQL> GRANT UNLIMITED TABLESPACE TO INCV_READ;

Grant succeeded.

SQL> 
SQL> CREATE USER INCV_USER IDENTIFIED BY INCV_USER;

User created.

SQL> GRANT CREATE SESSION, CREATE ANY TABLE, CREATE ANY INDEX, CREATE ANY SEQUENCE, CREATE ANY VIEW, RESOURCE, DBA TO INCV_USER;

Grant succeeded.

SQL> GRANT UNLIMITED TABLESPACE TO INCV_USER;

Grant succeeded.

SQL> 
SQL> CREATE USER ODS IDENTIFIED BY ODS;

User created.

SQL> GRANT CREATE SESSION, CREATE ANY TABLE, CREATE ANY INDEX, CREATE ANY SEQUENCE, CREATE ANY VIEW, RESOURCE, DBA TO ODS;

Grant succeeded.

SQL> GRANT UNLIMITED TABLESPACE TO ODS;

Grant succeeded.

SQL> 
SQL> CREATE USER ODS_DML IDENTIFIED BY ODS_DML;

User created.

SQL> GRANT CREATE SESSION, CREATE ANY TABLE, CREATE ANY INDEX, CREATE ANY SEQUENCE, CREATE ANY VIEW, RESOURCE, DBA TO ODS_DML;

Grant succeeded.

SQL> GRANT UNLIMITED TABLESPACE TO ODS_DML;

Grant succeeded.

SQL> 
SQL> CREATE USER ODS_READ IDENTIFIED BY ODS_READ;

User created.

SQL> GRANT CREATE SESSION, CREATE ANY TABLE, CREATE ANY INDEX, CREATE ANY SEQUENCE, CREATE ANY VIEW, RESOURCE, DBA TO ODS_READ;

Grant succeeded.

SQL> GRANT UNLIMITED TABLESPACE TO ODS_READ;

Grant succeeded.

SQL> 
SQL> CREATE USER ODS_USER IDENTIFIED BY ODS_USER;

User created.

SQL> GRANT CREATE SESSION, CREATE ANY TABLE, CREATE ANY INDEX, CREATE ANY SEQUENCE, CREATE ANY VIEW, RESOURCE, DBA TO ODS_USER;

Grant succeeded.

SQL> GRANT UNLIMITED TABLESPACE TO ODS_USER;

Grant succeeded.

SQL> 
SQL> CREATE USER ACTS_APPS IDENTIFIED BY ACTS_APPS;

User created.

SQL> GRANT CREATE SESSION, CREATE ANY TABLE, CREATE ANY INDEX, CREATE ANY SEQUENCE, CREATE ANY VIEW, RESOURCE, DBA TO ACTS_APPS;

Grant succeeded.

SQL> GRANT UNLIMITED TABLESPACE TO ACTS_APPS;

Grant succeeded.

SQL> 
SQL> CREATE USER ACTS_USER IDENTIFIED BY ACTS_USER;

User created.

SQL> GRANT CREATE SESSION, CREATE ANY TABLE, CREATE ANY INDEX, CREATE ANY SEQUENCE, CREATE ANY VIEW, RESOURCE, DBA TO ACTS_USER;

Grant succeeded.

SQL> GRANT UNLIMITED TABLESPACE TO ACTS_USER;

Grant succeeded.

SQL> 
SQL> CREATE USER AETINCV_USER IDENTIFIED BY AETINCV_USER;

User created.

SQL> GRANT CREATE SESSION, CREATE ANY TABLE, CREATE ANY INDEX, CREATE ANY SEQUENCE, CREATE ANY VIEW, RESOURCE, DBA TO AETINCV_USER;

Grant succeeded.

SQL> GRANT UNLIMITED TABLESPACE TO AETINCV_USER;

Grant succeeded.

SQL> 
SQL> CREATE USER AKATTULA IDENTIFIED BY AKATTULA;

User created.

SQL> GRANT CREATE SESSION, CREATE ANY TABLE, CREATE ANY INDEX, CREATE ANY SEQUENCE, CREATE ANY VIEW, RESOURCE, DBA TO AKATTULA;

Grant succeeded.

SQL> GRANT UNLIMITED TABLESPACE TO AKATTULA;

Grant succeeded.

SQL> 
SQL> CREATE USER AMEAPP IDENTIFIED BY AMEAPP;

User created.

SQL> GRANT CREATE SESSION, CREATE ANY TABLE, CREATE ANY INDEX, CREATE ANY SEQUENCE, CREATE ANY VIEW, RESOURCE, DBA TO AMEAPP;

Grant succeeded.

SQL> GRANT UNLIMITED TABLESPACE TO AMEAPP;

Grant succeeded.

SQL> 
SQL> CREATE USER CEAPP IDENTIFIED BY CEAPP;

User created.

SQL> GRANT CREATE SESSION, CREATE ANY TABLE, CREATE ANY INDEX, CREATE ANY SEQUENCE, CREATE ANY VIEW, RESOURCE, DBA TO CEAPP;

Grant succeeded.

SQL> GRANT UNLIMITED TABLESPACE TO CEAPP;

Grant succeeded.

SQL> 
SQL> CREATE USER CLMFIN IDENTIFIED BY CLMFIN;

User created.

SQL> GRANT CREATE SESSION, CREATE ANY TABLE, CREATE ANY INDEX, CREATE ANY SEQUENCE, CREATE ANY VIEW, RESOURCE, DBA TO CLMFIN;

Grant succeeded.

SQL> GRANT UNLIMITED TABLESPACE TO CLMFIN;

Grant succeeded.

SQL> 
SQL> CREATE USER CM IDENTIFIED BY CM;

User created.

SQL> GRANT CREATE SESSION, CREATE ANY TABLE, CREATE ANY INDEX, CREATE ANY SEQUENCE, CREATE ANY VIEW, RESOURCE, DBA TO CM;

Grant succeeded.

SQL> GRANT UNLIMITED TABLESPACE TO CM;

Grant succeeded.

SQL> 
SQL> CREATE USER CM_APP IDENTIFIED BY CM_APP;

User created.

SQL> GRANT CREATE SESSION, CREATE ANY TABLE, CREATE ANY INDEX, CREATE ANY SEQUENCE, CREATE ANY VIEW, RESOURCE, DBA TO CM_APP;

Grant succeeded.

SQL> GRANT UNLIMITED TABLESPACE TO CM_APP;

Grant succeeded.

SQL> 
SQL> CREATE USER CM_USER IDENTIFIED BY CM_USER;

User created.

SQL> GRANT CREATE SESSION, CREATE ANY TABLE, CREATE ANY INDEX, CREATE ANY SEQUENCE, CREATE ANY VIEW, RESOURCE, DBA TO CM_USER;

Grant succeeded.

SQL> GRANT UNLIMITED TABLESPACE TO CM_USER;

Grant succeeded.

SQL> 
SQL> CREATE USER CTLM_USER IDENTIFIED BY CTLM_USER;

User created.

SQL> GRANT CREATE SESSION, CREATE ANY TABLE, CREATE ANY INDEX, CREATE ANY SEQUENCE, CREATE ANY VIEW, RESOURCE, DBA TO CTLM_USER;

Grant succeeded.

SQL> GRANT UNLIMITED TABLESPACE TO CTLM_USER;

Grant succeeded.

SQL> 
SQL> CREATE USER DM_USER IDENTIFIED BY DM_USER;

User created.

SQL> GRANT CREATE SESSION, CREATE ANY TABLE, CREATE ANY INDEX, CREATE ANY SEQUENCE, CREATE ANY VIEW, RESOURCE, DBA TO DM_USER;

Grant succeeded.

SQL> GRANT UNLIMITED TABLESPACE TO DM_USER;

Grant succeeded.

SQL> 
SQL> CREATE USER ETLADMIN IDENTIFIED BY ETLADMIN;

User created.

SQL> GRANT CREATE SESSION, CREATE ANY TABLE, CREATE ANY INDEX, CREATE ANY SEQUENCE, CREATE ANY VIEW, RESOURCE, DBA TO ETLADMIN;

Grant succeeded.

SQL> GRANT UNLIMITED TABLESPACE TO ETLADMIN;

Grant succeeded.

SQL> 
SQL> CREATE USER FIXER IDENTIFIED BY FIXER;

User created.

SQL> GRANT CREATE SESSION, CREATE ANY TABLE, CREATE ANY INDEX, CREATE ANY SEQUENCE, CREATE ANY VIEW, RESOURCE, DBA TO FIXER;

Grant succeeded.

SQL> GRANT UNLIMITED TABLESPACE TO FIXER;

Grant succeeded.

SQL> 
SQL> CREATE USER PURGE_USER IDENTIFIED BY PURGE_USER;

User created.

SQL> GRANT CREATE SESSION, CREATE ANY TABLE, CREATE ANY INDEX, CREATE ANY SEQUENCE, CREATE ANY VIEW, RESOURCE, DBA TO PURGE_USER;

Grant succeeded.

SQL> GRANT UNLIMITED TABLESPACE TO PURGE_USER;

Grant succeeded.

SQL> 
SQL> CREATE USER ADHAS IDENTIFIED BY ADHAS;

User created.

SQL> GRANT CREATE SESSION, CREATE ANY TABLE, CREATE ANY INDEX, CREATE ANY SEQUENCE, CREATE ANY VIEW, RESOURCE, DBA TO ADHAS;

Grant succeeded.

SQL> GRANT UNLIMITED TABLESPACE TO ADHAS;

Grant succeeded.

SQL> 
SQL> CREATE USER MKONDADI IDENTIFIED BY MKONDADI;

User created.

SQL> GRANT CREATE SESSION, CREATE ANY TABLE, CREATE ANY INDEX, CREATE ANY SEQUENCE, CREATE ANY VIEW, RESOURCE, DBA TO MKONDADI;

Grant succeeded.

SQL> GRANT UNLIMITED TABLESPACE TO MKONDADI;

Grant succeeded.

SQL> 
SQL> CREATE USER SSELVAKUMAR IDENTIFIED BY SSELVAKUMAR;

User created.

SQL> GRANT CREATE SESSION, CREATE ANY TABLE, CREATE ANY INDEX, CREATE ANY SEQUENCE, CREATE ANY VIEW, RESOURCE, DBA TO SSELVAKUMAR;

Grant succeeded.

SQL> GRANT UNLIMITED TABLESPACE TO SSELVAKUMAR;

Grant succeeded.

SQL> 
SQL> CREATE USER TPANDE IDENTIFIED BY TPANDE;

User created.

SQL> GRANT CREATE SESSION, CREATE ANY TABLE, CREATE ANY INDEX, CREATE ANY SEQUENCE, CREATE ANY VIEW, RESOURCE, DBA TO TPANDE;

Grant succeeded.

SQL> GRANT UNLIMITED TABLESPACE TO TPANDE;

Grant succeeded.

SQL> 
SQL> CREATE USER CSID IDENTIFIED BY CSID;

User created.

SQL> GRANT CREATE SESSION, CREATE ANY TABLE, CREATE ANY INDEX, CREATE ANY SEQUENCE, CREATE ANY VIEW, RESOURCE, DBA TO CSID;

Grant succeeded.

SQL> GRANT UNLIMITED TABLESPACE TO CSID;

Grant succeeded.

SQL> 
SQL> CREATE USER CSID_DML IDENTIFIED BY CSID_DML;

User created.

SQL> GRANT CREATE SESSION, CREATE ANY TABLE, CREATE ANY INDEX, CREATE ANY SEQUENCE, CREATE ANY VIEW, RESOURCE, DBA TO CSID_DML;

Grant succeeded.

SQL> GRANT UNLIMITED TABLESPACE TO CSID_DML;

Grant succeeded.

SQL> 
SQL> CREATE USER COMMENG IDENTIFIED BY COMMENG;

User created.

SQL> GRANT CREATE SESSION, CREATE ANY TABLE, CREATE ANY INDEX, CREATE ANY SEQUENCE, CREATE ANY VIEW, RESOURCE, DBA TO COMMENG;

Grant succeeded.

SQL> GRANT UNLIMITED TABLESPACE TO COMMENG;

Grant succeeded.

SQL> 
SQL> CREATE USER COMMENG_USER IDENTIFIED BY COMMENG_USER;

User created.

SQL> GRANT CREATE SESSION, CREATE ANY TABLE, CREATE ANY INDEX, CREATE ANY SEQUENCE, CREATE ANY VIEW, RESOURCE, DBA TO COMMENG_USER;

Grant succeeded.

SQL> GRANT UNLIMITED TABLESPACE TO COMMENG_USER;

Grant succeeded.

SQL> 
SQL> EXIT;
Disconnected from Oracle Database 11g Enterprise Edition Release 11.2.0.1.0 - 64bit Production
With the Partitioning, OLAP, Data Mining and Real Application Testing options
